<?xml version="1.0" encoding="UTF-8"?>
<coverage generated="1707367645188" clover="3.2.0">
  <project timestamp="1707367645188" name="All files">
    <metrics statements="92" coveredstatements="85" conditionals="16" coveredconditionals="10" methods="9" coveredmethods="6" elements="117" coveredelements="101" complexity="0" loc="92" ncloc="92" packages="3" files="5" classes="5"/>
    <package name="Back-End">
      <metrics statements="32" coveredstatements="26" conditionals="4" coveredconditionals="0" methods="3" coveredmethods="1"/>
      <file name="index.js" path="C:\Users\shiva\Documents\VS_Code\SOEN_390_Team_20\SOEN_390_Team_20\Web\Back-End\index.js">
        <metrics statements="32" coveredstatements="26" conditionals="4" coveredconditionals="0" methods="3" coveredmethods="1"/>
        <line num="1" count="1" type="stmt"/>
        <line num="2" count="1" type="stmt"/>
        <line num="3" count="1" type="stmt"/>
        <line num="4" count="1" type="stmt"/>
        <line num="5" count="1" type="stmt"/>
        <line num="6" count="1" type="stmt"/>
        <line num="8" count="1" type="stmt"/>
        <line num="9" count="1" type="stmt"/>
        <line num="10" count="1" type="stmt"/>
        <line num="12" count="1" type="stmt"/>
        <line num="15" count="1" type="stmt"/>
        <line num="19" count="1" type="stmt"/>
        <line num="20" count="1" type="stmt"/>
        <line num="21" count="1" type="stmt"/>
        <line num="22" count="1" type="stmt"/>
        <line num="24" count="1" type="stmt"/>
        <line num="25" count="1" type="stmt"/>
        <line num="26" count="1" type="stmt"/>
        <line num="28" count="1" type="stmt"/>
        <line num="33" count="0" type="stmt"/>
        <line num="37" count="1" type="stmt"/>
        <line num="39" count="1" type="stmt"/>
        <line num="40" count="1" type="stmt"/>
        <line num="41" count="1" type="stmt"/>
        <line num="44" count="1" type="stmt"/>
        <line num="45" count="0" type="stmt"/>
        <line num="49" count="1" type="stmt"/>
        <line num="51" count="0" type="stmt"/>
        <line num="52" count="0" type="cond" truecount="0" falsecount="2"/>
        <line num="55" count="0" type="cond" truecount="0" falsecount="2"/>
        <line num="56" count="0" type="stmt"/>
        <line num="59" count="1" type="stmt"/>
      </file>
    </package>
    <package name="Back-End.routes">
      <metrics statements="50" coveredstatements="49" conditionals="12" coveredconditionals="10" methods="5" coveredmethods="4"/>
      <file name="login.js" path="C:\Users\shiva\Documents\VS_Code\SOEN_390_Team_20\SOEN_390_Team_20\Web\Back-End\routes\login.js">
        <metrics statements="20" coveredstatements="20" conditionals="8" coveredconditionals="7" methods="2" coveredmethods="2"/>
        <line num="1" count="2" type="stmt"/>
        <line num="2" count="2" type="stmt"/>
        <line num="3" count="2" type="stmt"/>
        <line num="6" count="2" type="stmt"/>
        <line num="7" count="4" type="stmt"/>
        <line num="9" count="4" type="cond" truecount="2" falsecount="0"/>
        <line num="10" count="1" type="stmt"/>
        <line num="11" count="1" type="stmt"/>
        <line num="14" count="3" type="stmt"/>
        <line num="15" count="3" type="stmt"/>
        <line num="17" count="2" type="stmt"/>
        <line num="18" count="2" type="stmt"/>
        <line num="19" count="2" type="stmt"/>
        <line num="20" count="1" type="cond" truecount="3" falsecount="1"/>
        <line num="21" count="1" type="stmt"/>
        <line num="22" count="1" type="stmt"/>
        <line num="26" count="2" type="cond" truecount="2" falsecount="0"/>
        <line num="28" count="1" type="stmt"/>
        <line num="32" count="2" type="stmt"/>
        <line num="36" count="2" type="stmt"/>
      </file>
      <file name="signup.js" path="C:\Users\shiva\Documents\VS_Code\SOEN_390_Team_20\SOEN_390_Team_20\Web\Back-End\routes\signup.js">
        <metrics statements="25" coveredstatements="25" conditionals="4" coveredconditionals="3" methods="2" coveredmethods="2"/>
        <line num="1" count="1" type="stmt"/>
        <line num="2" count="1" type="stmt"/>
        <line num="3" count="1" type="stmt"/>
        <line num="4" count="1" type="stmt"/>
        <line num="5" count="1" type="stmt"/>
        <line num="6" count="1" type="stmt"/>
        <line num="9" count="1" type="stmt"/>
        <line num="11" count="1" type="stmt"/>
        <line num="12" count="3" type="stmt"/>
        <line num="14" count="3" type="cond" truecount="2" falsecount="0"/>
        <line num="15" count="1" type="stmt"/>
        <line num="16" count="1" type="stmt"/>
        <line num="19" count="2" type="stmt"/>
        <line num="20" count="2" type="stmt"/>
        <line num="21" count="2" type="stmt"/>
        <line num="23" count="2" type="stmt"/>
        <line num="24" count="2" type="stmt"/>
        <line num="26" count="2" type="stmt"/>
        <line num="27" count="1" type="cond" truecount="1" falsecount="1"/>
        <line num="28" count="1" type="stmt"/>
        <line num="31" count="1" type="stmt"/>
        <line num="34" count="1" type="stmt"/>
        <line num="36" count="1" type="stmt"/>
        <line num="38" count="1" type="stmt"/>
        <line num="42" count="1" type="stmt"/>
      </file>
      <file name="users.js" path="C:\Users\shiva\Documents\VS_Code\SOEN_390_Team_20\SOEN_390_Team_20\Web\Back-End\routes\users.js">
        <metrics statements="5" coveredstatements="4" conditionals="0" coveredconditionals="0" methods="1" coveredmethods="0"/>
        <line num="1" count="1" type="stmt"/>
        <line num="2" count="1" type="stmt"/>
        <line num="5" count="1" type="stmt"/>
        <line num="6" count="0" type="stmt"/>
        <line num="9" count="1" type="stmt"/>
      </file>
    </package>
    <package name="Back-End.util">
      <metrics statements="10" coveredstatements="10" conditionals="0" coveredconditionals="0" methods="1" coveredmethods="1"/>
      <file name="getUserData.js" path="C:\Users\shiva\Documents\VS_Code\SOEN_390_Team_20\SOEN_390_Team_20\Web\Back-End\util\getUserData.js">
        <metrics statements="10" coveredstatements="10" conditionals="0" coveredconditionals="0" methods="1" coveredmethods="1"/>
        <line num="1" count="3" type="stmt"/>
        <line num="2" count="3" type="stmt"/>
        <line num="6" count="3" type="stmt"/>
        <line num="8" count="3" type="stmt"/>
        <line num="9" count="3" type="stmt"/>
        <line num="11" count="3" type="stmt"/>
        <line num="12" count="2" type="stmt"/>
        <line num="14" count="1" type="stmt"/>
        <line num="16" count="2" type="stmt"/>
        <line num="20" count="3" type="stmt"/>
      </file>
    </package>
  </project>
</coverage>
