{"C:\\Users\\shiva\\Documents\\VS_Code\\SOEN_390_Team_20\\SOEN_390_Team_20\\Web\\Back-End\\index.js": {"path":"C:\\Users\\shiva\\Documents\\VS_Code\\SOEN_390_Team_20\\SOEN_390_Team_20\\Web\\Back-End\\index.js","statementMap":{"0":{"start":{"line":1,"column":20},"end":{"line":1,"column":42}},"1":{"start":{"line":2,"column":16},"end":{"line":2,"column":34}},"2":{"start":{"line":3,"column":13},"end":{"line":3,"column":28}},"3":{"start":{"line":4,"column":21},"end":{"line":4,"column":45}},"4":{"start":{"line":5,"column":13},"end":{"line":5,"column":28}},"5":{"start":{"line":6,"column":11},"end":{"line":6,"column":33}},"6":{"start":{"line":8,"column":20},"end":{"line":8,"column":45}},"7":{"start":{"line":9,"column":20},"end":{"line":9,"column":45}},"8":{"start":{"line":10,"column":21},"end":{"line":10,"column":47}},"9":{"start":{"line":12,"column":12},"end":{"line":12,"column":21}},"10":{"start":{"line":15,"column":20},"end":{"line":17,"column":1}},"11":{"start":{"line":19,"column":0},"end":{"line":19,"column":27}},"12":{"start":{"line":20,"column":0},"end":{"line":20,"column":24}},"13":{"start":{"line":21,"column":0},"end":{"line":21,"column":49}},"14":{"start":{"line":22,"column":0},"end":{"line":22,"column":24}},"15":{"start":{"line":24,"column":21},"end":{"line":35,"column":1}},"16":{"start":{"line":25,"column":23},"end":{"line":25,"column":66}},"17":{"start":{"line":26,"column":2},"end":{"line":34,"column":3}},"18":{"start":{"line":28,"column":4},"end":{"line":28,"column":34}},"19":{"start":{"line":33,"column":4},"end":{"line":33,"column":43}},"20":{"start":{"line":37,"column":0},"end":{"line":37,"column":15}},"21":{"start":{"line":39,"column":0},"end":{"line":39,"column":26}},"22":{"start":{"line":40,"column":0},"end":{"line":40,"column":31}},"23":{"start":{"line":41,"column":0},"end":{"line":41,"column":33}},"24":{"start":{"line":44,"column":0},"end":{"line":46,"column":3}},"25":{"start":{"line":45,"column":2},"end":{"line":45,"column":43}},"26":{"start":{"line":49,"column":0},"end":{"line":57,"column":3}},"27":{"start":{"line":51,"column":2},"end":{"line":51,"column":35}},"28":{"start":{"line":52,"column":2},"end":{"line":52,"column":69}},"29":{"start":{"line":55,"column":2},"end":{"line":55,"column":32}},"30":{"start":{"line":56,"column":2},"end":{"line":56,"column":40}},"31":{"start":{"line":59,"column":0},"end":{"line":59,"column":21}}},"fnMap":{"0":{"name":"(anonymous_0)","decl":{"start":{"line":24,"column":21},"end":{"line":24,"column":22}},"loc":{"start":{"line":24,"column":33},"end":{"line":35,"column":1}},"line":24},"1":{"name":"(anonymous_1)","decl":{"start":{"line":44,"column":8},"end":{"line":44,"column":9}},"loc":{"start":{"line":44,"column":34},"end":{"line":46,"column":1}},"line":44},"2":{"name":"(anonymous_2)","decl":{"start":{"line":49,"column":8},"end":{"line":49,"column":9}},"loc":{"start":{"line":49,"column":39},"end":{"line":57,"column":1}},"line":49}},"branchMap":{"0":{"loc":{"start":{"line":52,"column":21},"end":{"line":52,"column":68}},"type":"cond-expr","locations":[{"start":{"line":52,"column":60},"end":{"line":52,"column":63}},{"start":{"line":52,"column":66},"end":{"line":52,"column":68}}],"line":52},"1":{"loc":{"start":{"line":55,"column":13},"end":{"line":55,"column":30}},"type":"binary-expr","locations":[{"start":{"line":55,"column":13},"end":{"line":55,"column":23}},{"start":{"line":55,"column":27},"end":{"line":55,"column":30}}],"line":55}},"s":{"0":1,"1":1,"2":1,"3":1,"4":1,"5":1,"6":1,"7":1,"8":1,"9":1,"10":1,"11":1,"12":1,"13":1,"14":1,"15":1,"16":1,"17":1,"18":1,"19":0,"20":1,"21":1,"22":1,"23":1,"24":1,"25":0,"26":1,"27":0,"28":0,"29":0,"30":0,"31":1},"f":{"0":1,"1":0,"2":0},"b":{"0":[0,0],"1":[0,0]},"_coverageSchema":"1a1c01bbd47fc00a2c39e90264f33305004495a9","hash":"1d5aa02340d21e24aa8307c87edff8a1e1ecddb5"}
,"C:\\Users\\shiva\\Documents\\VS_Code\\SOEN_390_Team_20\\SOEN_390_Team_20\\Web\\Back-End\\routes\\index.js": {"path":"C:\\Users\\shiva\\Documents\\VS_Code\\SOEN_390_Team_20\\SOEN_390_Team_20\\Web\\Back-End\\routes\\index.js","statementMap":{"0":{"start":{"line":1,"column":14},"end":{"line":1,"column":32}},"1":{"start":{"line":2,"column":13},"end":{"line":2,"column":29}},"2":{"start":{"line":5,"column":0},"end":{"line":7,"column":3}},"3":{"start":{"line":6,"column":2},"end":{"line":6,"column":27}},"4":{"start":{"line":9,"column":0},"end":{"line":9,"column":24}}},"fnMap":{"0":{"name":"(anonymous_0)","decl":{"start":{"line":5,"column":16},"end":{"line":5,"column":17}},"loc":{"start":{"line":5,"column":41},"end":{"line":7,"column":1}},"line":5}},"branchMap":{},"s":{"0":1,"1":1,"2":1,"3":0,"4":1},"f":{"0":0},"b":{},"_coverageSchema":"1a1c01bbd47fc00a2c39e90264f33305004495a9","hash":"e74b31771c74d8d1878554e2e6295a93fe24f388"}
,"C:\\Users\\shiva\\Documents\\VS_Code\\SOEN_390_Team_20\\SOEN_390_Team_20\\Web\\Back-End\\routes\\signup.js": {"path":"C:\\Users\\shiva\\Documents\\VS_Code\\SOEN_390_Team_20\\SOEN_390_Team_20\\Web\\Back-End\\routes\\signup.js","statementMap":{"0":{"start":{"line":1,"column":18},"end":{"line":1,"column":36}},"1":{"start":{"line":2,"column":16},"end":{"line":2,"column":34}},"2":{"start":{"line":3,"column":15},"end":{"line":3,"column":31}},"3":{"start":{"line":4,"column":11},"end":{"line":4,"column":33}},"4":{"start":{"line":5,"column":13},"end":{"line":5,"column":28}},"5":{"start":{"line":8,"column":12},"end":{"line":8,"column":23}},"6":{"start":{"line":10,"column":0},"end":{"line":40,"column":3}},"7":{"start":{"line":11,"column":19},"end":{"line":11,"column":27}},"8":{"start":{"line":13,"column":4},"end":{"line":16,"column":5}},"9":{"start":{"line":14,"column":8},"end":{"line":14,"column":62}},"10":{"start":{"line":15,"column":8},"end":{"line":15,"column":15}},"11":{"start":{"line":18,"column":24},"end":{"line":18,"column":45}},"12":{"start":{"line":20,"column":4},"end":{"line":39,"column":5}},"13":{"start":{"line":21,"column":27},"end":{"line":21,"column":76}},"14":{"start":{"line":23,"column":29},"end":{"line":23,"column":69}},"15":{"start":{"line":24,"column":25},"end":{"line":24,"column":49}},"16":{"start":{"line":26,"column":8},"end":{"line":29,"column":10}},"17":{"start":{"line":27,"column":12},"end":{"line":28,"column":72}},"18":{"start":{"line":28,"column":16},"end":{"line":28,"column":72}},"19":{"start":{"line":31,"column":8},"end":{"line":31,"column":32}},"20":{"start":{"line":34,"column":8},"end":{"line":34,"column":76}},"21":{"start":{"line":36,"column":8},"end":{"line":36,"column":69}},"22":{"start":{"line":38,"column":8},"end":{"line":38,"column":56}},"23":{"start":{"line":42,"column":0},"end":{"line":42,"column":24}}},"fnMap":{"0":{"name":"(anonymous_0)","decl":{"start":{"line":10,"column":17},"end":{"line":10,"column":18}},"loc":{"start":{"line":10,"column":43},"end":{"line":40,"column":1}},"line":10},"1":{"name":"(anonymous_1)","decl":{"start":{"line":26,"column":21},"end":{"line":26,"column":22}},"loc":{"start":{"line":26,"column":38},"end":{"line":29,"column":9}},"line":26}},"branchMap":{"0":{"loc":{"start":{"line":13,"column":4},"end":{"line":16,"column":5}},"type":"if","locations":[{"start":{"line":13,"column":4},"end":{"line":16,"column":5}},{"start":{},"end":{}}],"line":13},"1":{"loc":{"start":{"line":27,"column":12},"end":{"line":28,"column":72}},"type":"if","locations":[{"start":{"line":27,"column":12},"end":{"line":28,"column":72}},{"start":{},"end":{}}],"line":27}},"s":{"0":1,"1":1,"2":1,"3":1,"4":1,"5":1,"6":1,"7":3,"8":3,"9":1,"10":1,"11":2,"12":2,"13":2,"14":2,"15":2,"16":2,"17":1,"18":1,"19":1,"20":1,"21":1,"22":1,"23":1},"f":{"0":3,"1":1},"b":{"0":[1,2],"1":[1,0]},"_coverageSchema":"1a1c01bbd47fc00a2c39e90264f33305004495a9","hash":"77f1a9e6f6d2c9fe72085be95592b572247a4b6a"}
,"C:\\Users\\shiva\\Documents\\VS_Code\\SOEN_390_Team_20\\SOEN_390_Team_20\\Web\\Back-End\\routes\\users.js": {"path":"C:\\Users\\shiva\\Documents\\VS_Code\\SOEN_390_Team_20\\SOEN_390_Team_20\\Web\\Back-End\\routes\\users.js","statementMap":{"0":{"start":{"line":1,"column":14},"end":{"line":1,"column":32}},"1":{"start":{"line":2,"column":13},"end":{"line":2,"column":29}},"2":{"start":{"line":5,"column":0},"end":{"line":7,"column":3}},"3":{"start":{"line":6,"column":2},"end":{"line":6,"column":29}},"4":{"start":{"line":9,"column":0},"end":{"line":9,"column":24}}},"fnMap":{"0":{"name":"(anonymous_0)","decl":{"start":{"line":5,"column":16},"end":{"line":5,"column":17}},"loc":{"start":{"line":5,"column":41},"end":{"line":7,"column":1}},"line":5}},"branchMap":{},"s":{"0":1,"1":1,"2":1,"3":0,"4":1},"f":{"0":0},"b":{},"_coverageSchema":"1a1c01bbd47fc00a2c39e90264f33305004495a9","hash":"2872f913101b488fa36c0f2d7e49d4f47b268d6a"}
}
