{"C:\\Users\\shiva\\Documents\\VS_Code\\SOEN_390_Team_20\\SOEN_390_Team_20\\Web\\Back-End\\Factory\\DBControllerFactory.js": {"path":"C:\\Users\\shiva\\Documents\\VS_Code\\SOEN_390_Team_20\\SOEN_390_Team_20\\Web\\Back-End\\Factory\\DBControllerFactory.js","statementMap":{"0":{"start":{"line":2,"column":21},"end":{"line":2,"column":59}},"1":{"start":{"line":6,"column":4},"end":{"line":6,"column":36}},"2":{"start":{"line":10,"column":0},"end":{"line":10,"column":37}}},"fnMap":{"0":{"name":"(anonymous_0)","decl":{"start":{"line":5,"column":2},"end":{"line":5,"column":3}},"loc":{"start":{"line":5,"column":32},"end":{"line":7,"column":3}},"line":5}},"branchMap":{},"s":{"0":7,"1":2,"2":7},"f":{"0":2},"b":{},"_coverageSchema":"1a1c01bbd47fc00a2c39e90264f33305004495a9","hash":"3d6ebfb75cbd93506534cd9565c94b5fdc9fe815"}
,"C:\\Users\\shiva\\Documents\\VS_Code\\SOEN_390_Team_20\\SOEN_390_Team_20\\Web\\Back-End\\controllers\\DBController.js": {"path":"C:\\Users\\shiva\\Documents\\VS_Code\\SOEN_390_Team_20\\SOEN_390_Team_20\\Web\\Back-End\\controllers\\DBController.js","statementMap":{"0":{"start":{"line":1,"column":16},"end":{"line":1,"column":44}},"1":{"start":{"line":2,"column":11},"end":{"line":2,"column":24}},"2":{"start":{"line":3,"column":13},"end":{"line":3,"column":28}},"3":{"start":{"line":4,"column":13},"end":{"line":4,"column":28}},"4":{"start":{"line":6,"column":18},"end":{"line":6,"column":33}},"5":{"start":{"line":7,"column":16},"end":{"line":7,"column":57}},"6":{"start":{"line":8,"column":17},"end":{"line":8,"column":62}},"7":{"start":{"line":9,"column":22},"end":{"line":9,"column":69}},"8":{"start":{"line":11,"column":15},"end":{"line":11,"column":19}},"9":{"start":{"line":17,"column":4},"end":{"line":17,"column":28}},"10":{"start":{"line":18,"column":4},"end":{"line":20,"column":5}},"11":{"start":{"line":19,"column":6},"end":{"line":19,"column":22}},"12":{"start":{"line":21,"column":4},"end":{"line":21,"column":20}},"13":{"start":{"line":29,"column":4},"end":{"line":29,"column":43}},"14":{"start":{"line":30,"column":4},"end":{"line":47,"column":7}},"15":{"start":{"line":31,"column":6},"end":{"line":46,"column":9}},"16":{"start":{"line":32,"column":8},"end":{"line":45,"column":9}},"17":{"start":{"line":33,"column":10},"end":{"line":33,"column":49}},"18":{"start":{"line":34,"column":10},"end":{"line":40,"column":13}},"19":{"start":{"line":35,"column":22},"end":{"line":35,"column":54}},"20":{"start":{"line":36,"column":25},"end":{"line":36,"column":41}},"21":{"start":{"line":37,"column":12},"end":{"line":39,"column":15}},"22":{"start":{"line":38,"column":14},"end":{"line":38,"column":69}},"23":{"start":{"line":38,"column":31},"end":{"line":38,"column":69}},"24":{"start":{"line":41,"column":10},"end":{"line":41,"column":52}},"25":{"start":{"line":44,"column":10},"end":{"line":44,"column":46}},"26":{"start":{"line":51,"column":4},"end":{"line":70,"column":7}},"27":{"start":{"line":52,"column":6},"end":{"line":69,"column":9}},"28":{"start":{"line":53,"column":8},"end":{"line":68,"column":9}},"29":{"start":{"line":54,"column":10},"end":{"line":54,"column":40}},"30":{"start":{"line":55,"column":10},"end":{"line":55,"column":63}},"31":{"start":{"line":56,"column":10},"end":{"line":64,"column":13}},"32":{"start":{"line":57,"column":22},"end":{"line":57,"column":55}},"33":{"start":{"line":58,"column":25},"end":{"line":58,"column":39}},"34":{"start":{"line":59,"column":12},"end":{"line":63,"column":15}},"35":{"start":{"line":60,"column":14},"end":{"line":62,"column":15}},"36":{"start":{"line":61,"column":16},"end":{"line":61,"column":52}},"37":{"start":{"line":65,"column":10},"end":{"line":65,"column":54}},"38":{"start":{"line":67,"column":10},"end":{"line":67,"column":63}},"39":{"start":{"line":74,"column":4},"end":{"line":85,"column":7}},"40":{"start":{"line":75,"column":6},"end":{"line":84,"column":8}},"41":{"start":{"line":80,"column":10},"end":{"line":80,"column":52}},"42":{"start":{"line":81,"column":10},"end":{"line":82,"column":30}},"43":{"start":{"line":81,"column":29},"end":{"line":81,"column":43}},"44":{"start":{"line":82,"column":15},"end":{"line":82,"column":30}},"45":{"start":{"line":104,"column":23},"end":{"line":104,"column":73}},"46":{"start":{"line":105,"column":4},"end":{"line":123,"column":7}},"47":{"start":{"line":106,"column":6},"end":{"line":121,"column":7}},"48":{"start":{"line":107,"column":25},"end":{"line":107,"column":34}},"49":{"start":{"line":108,"column":8},"end":{"line":119,"column":10}},"50":{"start":{"line":120,"column":8},"end":{"line":120,"column":57}},"51":{"start":{"line":122,"column":6},"end":{"line":122,"column":69}},"52":{"start":{"line":127,"column":23},"end":{"line":127,"column":73}},"53":{"start":{"line":128,"column":4},"end":{"line":141,"column":7}},"54":{"start":{"line":129,"column":6},"end":{"line":140,"column":7}},"55":{"start":{"line":130,"column":8},"end":{"line":137,"column":10}},"56":{"start":{"line":134,"column":12},"end":{"line":134,"column":57}},"57":{"start":{"line":134,"column":21},"end":{"line":134,"column":57}},"58":{"start":{"line":135,"column":12},"end":{"line":135,"column":33}},"59":{"start":{"line":135,"column":21},"end":{"line":135,"column":33}},"60":{"start":{"line":139,"column":8},"end":{"line":139,"column":76}},"61":{"start":{"line":155,"column":23},"end":{"line":155,"column":73}},"62":{"start":{"line":156,"column":4},"end":{"line":177,"column":7}},"63":{"start":{"line":157,"column":6},"end":{"line":176,"column":7}},"64":{"start":{"line":158,"column":8},"end":{"line":163,"column":11}},"65":{"start":{"line":164,"column":8},"end":{"line":167,"column":10}},"66":{"start":{"line":168,"column":8},"end":{"line":168,"column":59}},"67":{"start":{"line":170,"column":8},"end":{"line":170,"column":65}},"68":{"start":{"line":171,"column":8},"end":{"line":174,"column":10}},"69":{"start":{"line":175,"column":8},"end":{"line":175,"column":71}},"70":{"start":{"line":181,"column":23},"end":{"line":181,"column":79}},"71":{"start":{"line":182,"column":4},"end":{"line":195,"column":7}},"72":{"start":{"line":183,"column":6},"end":{"line":194,"column":7}},"73":{"start":{"line":184,"column":8},"end":{"line":191,"column":10}},"74":{"start":{"line":188,"column":12},"end":{"line":188,"column":57}},"75":{"start":{"line":188,"column":21},"end":{"line":188,"column":57}},"76":{"start":{"line":189,"column":12},"end":{"line":189,"column":33}},"77":{"start":{"line":189,"column":21},"end":{"line":189,"column":33}},"78":{"start":{"line":193,"column":8},"end":{"line":193,"column":75}},"79":{"start":{"line":199,"column":25},"end":{"line":203,"column":5}},"80":{"start":{"line":204,"column":4},"end":{"line":220,"column":7}},"81":{"start":{"line":205,"column":6},"end":{"line":219,"column":7}},"82":{"start":{"line":206,"column":8},"end":{"line":216,"column":10}},"83":{"start":{"line":213,"column":12},"end":{"line":213,"column":33}},"84":{"start":{"line":213,"column":21},"end":{"line":213,"column":33}},"85":{"start":{"line":214,"column":12},"end":{"line":214,"column":70}},"86":{"start":{"line":214,"column":33},"end":{"line":214,"column":70}},"87":{"start":{"line":218,"column":8},"end":{"line":218,"column":83}},"88":{"start":{"line":230,"column":25},"end":{"line":234,"column":5}},"89":{"start":{"line":235,"column":4},"end":{"line":245,"column":7}},"90":{"start":{"line":236,"column":6},"end":{"line":243,"column":7}},"91":{"start":{"line":237,"column":26},"end":{"line":237,"column":35}},"92":{"start":{"line":238,"column":8},"end":{"line":241,"column":10}},"93":{"start":{"line":242,"column":8},"end":{"line":242,"column":59}},"94":{"start":{"line":244,"column":6},"end":{"line":244,"column":67}},"95":{"start":{"line":249,"column":25},"end":{"line":253,"column":5}},"96":{"start":{"line":254,"column":4},"end":{"line":270,"column":7}},"97":{"start":{"line":255,"column":6},"end":{"line":269,"column":7}},"98":{"start":{"line":256,"column":8},"end":{"line":263,"column":10}},"99":{"start":{"line":260,"column":12},"end":{"line":260,"column":57}},"100":{"start":{"line":260,"column":21},"end":{"line":260,"column":57}},"101":{"start":{"line":261,"column":12},"end":{"line":261,"column":33}},"102":{"start":{"line":261,"column":21},"end":{"line":261,"column":33}},"103":{"start":{"line":265,"column":8},"end":{"line":268,"column":11}},"104":{"start":{"line":274,"column":25},"end":{"line":278,"column":5}},"105":{"start":{"line":279,"column":4},"end":{"line":300,"column":7}},"106":{"start":{"line":280,"column":6},"end":{"line":299,"column":7}},"107":{"start":{"line":281,"column":8},"end":{"line":296,"column":10}},"108":{"start":{"line":292,"column":12},"end":{"line":292,"column":33}},"109":{"start":{"line":292,"column":21},"end":{"line":292,"column":33}},"110":{"start":{"line":293,"column":12},"end":{"line":293,"column":81}},"111":{"start":{"line":293,"column":22},"end":{"line":293,"column":80}},"112":{"start":{"line":293,"column":43},"end":{"line":293,"column":80}},"113":{"start":{"line":298,"column":8},"end":{"line":298,"column":84}},"114":{"start":{"line":314,"column":4},"end":{"line":335,"column":7}},"115":{"start":{"line":315,"column":20},"end":{"line":315,"column":29}},"116":{"start":{"line":316,"column":6},"end":{"line":333,"column":8}},"117":{"start":{"line":334,"column":6},"end":{"line":334,"column":49}},"118":{"start":{"line":339,"column":21},"end":{"line":343,"column":5}},"119":{"start":{"line":344,"column":4},"end":{"line":369,"column":7}},"120":{"start":{"line":345,"column":6},"end":{"line":368,"column":7}},"121":{"start":{"line":346,"column":8},"end":{"line":362,"column":10}},"122":{"start":{"line":359,"column":12},"end":{"line":359,"column":57}},"123":{"start":{"line":359,"column":21},"end":{"line":359,"column":57}},"124":{"start":{"line":360,"column":12},"end":{"line":360,"column":33}},"125":{"start":{"line":360,"column":21},"end":{"line":360,"column":33}},"126":{"start":{"line":364,"column":8},"end":{"line":367,"column":11}},"127":{"start":{"line":373,"column":21},"end":{"line":377,"column":5}},"128":{"start":{"line":378,"column":4},"end":{"line":405,"column":7}},"129":{"start":{"line":379,"column":24},"end":{"line":379,"column":26}},"130":{"start":{"line":380,"column":6},"end":{"line":404,"column":7}},"131":{"start":{"line":381,"column":8},"end":{"line":398,"column":10}},"132":{"start":{"line":395,"column":12},"end":{"line":395,"column":33}},"133":{"start":{"line":395,"column":21},"end":{"line":395,"column":33}},"134":{"start":{"line":396,"column":12},"end":{"line":396,"column":79}},"135":{"start":{"line":396,"column":21},"end":{"line":396,"column":79}},"136":{"start":{"line":396,"column":42},"end":{"line":396,"column":79}},"137":{"start":{"line":400,"column":8},"end":{"line":403,"column":11}},"138":{"start":{"line":414,"column":4},"end":{"line":429,"column":7}},"139":{"start":{"line":415,"column":20},"end":{"line":415,"column":29}},"140":{"start":{"line":416,"column":6},"end":{"line":427,"column":8}},"141":{"start":{"line":428,"column":6},"end":{"line":428,"column":49}},"142":{"start":{"line":433,"column":22},"end":{"line":437,"column":5}},"143":{"start":{"line":438,"column":4},"end":{"line":454,"column":7}},"144":{"start":{"line":439,"column":6},"end":{"line":453,"column":7}},"145":{"start":{"line":440,"column":8},"end":{"line":447,"column":10}},"146":{"start":{"line":444,"column":12},"end":{"line":444,"column":33}},"147":{"start":{"line":444,"column":21},"end":{"line":444,"column":33}},"148":{"start":{"line":445,"column":12},"end":{"line":445,"column":79}},"149":{"start":{"line":445,"column":21},"end":{"line":445,"column":79}},"150":{"start":{"line":445,"column":42},"end":{"line":445,"column":79}},"151":{"start":{"line":449,"column":8},"end":{"line":452,"column":11}},"152":{"start":{"line":458,"column":22},"end":{"line":462,"column":5}},"153":{"start":{"line":463,"column":4},"end":{"line":479,"column":7}},"154":{"start":{"line":464,"column":6},"end":{"line":478,"column":7}},"155":{"start":{"line":465,"column":8},"end":{"line":472,"column":10}},"156":{"start":{"line":469,"column":12},"end":{"line":469,"column":33}},"157":{"start":{"line":469,"column":21},"end":{"line":469,"column":33}},"158":{"start":{"line":470,"column":12},"end":{"line":470,"column":70}},"159":{"start":{"line":470,"column":33},"end":{"line":470,"column":70}},"160":{"start":{"line":474,"column":8},"end":{"line":477,"column":11}},"161":{"start":{"line":487,"column":4},"end":{"line":493,"column":7}},"162":{"start":{"line":488,"column":6},"end":{"line":492,"column":7}},"163":{"start":{"line":489,"column":8},"end":{"line":489,"column":54}},"164":{"start":{"line":491,"column":8},"end":{"line":491,"column":51}},"165":{"start":{"line":497,"column":0},"end":{"line":497,"column":30}}},"fnMap":{"0":{"name":"(anonymous_0)","decl":{"start":{"line":16,"column":2},"end":{"line":16,"column":3}},"loc":{"start":{"line":16,"column":36},"end":{"line":22,"column":3}},"line":16},"1":{"name":"(anonymous_1)","decl":{"start":{"line":28,"column":2},"end":{"line":28,"column":3}},"loc":{"start":{"line":28,"column":27},"end":{"line":48,"column":3}},"line":28},"2":{"name":"(anonymous_2)","decl":{"start":{"line":30,"column":23},"end":{"line":30,"column":24}},"loc":{"start":{"line":30,"column":44},"end":{"line":47,"column":5}},"line":30},"3":{"name":"(anonymous_3)","decl":{"start":{"line":31,"column":29},"end":{"line":31,"column":30}},"loc":{"start":{"line":31,"column":45},"end":{"line":46,"column":7}},"line":31},"4":{"name":"(anonymous_4)","decl":{"start":{"line":34,"column":28},"end":{"line":34,"column":29}},"loc":{"start":{"line":34,"column":34},"end":{"line":40,"column":11}},"line":34},"5":{"name":"(anonymous_5)","decl":{"start":{"line":37,"column":23},"end":{"line":37,"column":24}},"loc":{"start":{"line":37,"column":40},"end":{"line":39,"column":13}},"line":37},"6":{"name":"(anonymous_6)","decl":{"start":{"line":50,"column":2},"end":{"line":50,"column":3}},"loc":{"start":{"line":50,"column":19},"end":{"line":71,"column":3}},"line":50},"7":{"name":"(anonymous_7)","decl":{"start":{"line":51,"column":23},"end":{"line":51,"column":24}},"loc":{"start":{"line":51,"column":44},"end":{"line":70,"column":5}},"line":51},"8":{"name":"(anonymous_8)","decl":{"start":{"line":52,"column":29},"end":{"line":52,"column":30}},"loc":{"start":{"line":52,"column":45},"end":{"line":69,"column":7}},"line":52},"9":{"name":"(anonymous_9)","decl":{"start":{"line":56,"column":28},"end":{"line":56,"column":29}},"loc":{"start":{"line":56,"column":34},"end":{"line":64,"column":11}},"line":56},"10":{"name":"(anonymous_10)","decl":{"start":{"line":59,"column":23},"end":{"line":59,"column":24}},"loc":{"start":{"line":59,"column":38},"end":{"line":63,"column":13}},"line":59},"11":{"name":"(anonymous_11)","decl":{"start":{"line":73,"column":2},"end":{"line":73,"column":3}},"loc":{"start":{"line":73,"column":60},"end":{"line":86,"column":3}},"line":73},"12":{"name":"(anonymous_12)","decl":{"start":{"line":74,"column":23},"end":{"line":74,"column":24}},"loc":{"start":{"line":74,"column":44},"end":{"line":85,"column":5}},"line":74},"13":{"name":"(anonymous_13)","decl":{"start":{"line":79,"column":8},"end":{"line":79,"column":9}},"loc":{"start":{"line":79,"column":28},"end":{"line":83,"column":9}},"line":79},"14":{"name":"(anonymous_14)","decl":{"start":{"line":96,"column":2},"end":{"line":96,"column":3}},"loc":{"start":{"line":103,"column":5},"end":{"line":124,"column":3}},"line":103},"15":{"name":"(anonymous_15)","decl":{"start":{"line":105,"column":23},"end":{"line":105,"column":24}},"loc":{"start":{"line":105,"column":44},"end":{"line":123,"column":5}},"line":105},"16":{"name":"(anonymous_16)","decl":{"start":{"line":126,"column":2},"end":{"line":126,"column":3}},"loc":{"start":{"line":126,"column":39},"end":{"line":142,"column":3}},"line":126},"17":{"name":"(anonymous_17)","decl":{"start":{"line":128,"column":23},"end":{"line":128,"column":24}},"loc":{"start":{"line":128,"column":50},"end":{"line":141,"column":5}},"line":128},"18":{"name":"(anonymous_18)","decl":{"start":{"line":133,"column":10},"end":{"line":133,"column":11}},"loc":{"start":{"line":133,"column":30},"end":{"line":136,"column":11}},"line":133},"19":{"name":"(anonymous_19)","decl":{"start":{"line":148,"column":2},"end":{"line":148,"column":3}},"loc":{"start":{"line":154,"column":5},"end":{"line":178,"column":3}},"line":154},"20":{"name":"(anonymous_20)","decl":{"start":{"line":156,"column":23},"end":{"line":156,"column":24}},"loc":{"start":{"line":156,"column":50},"end":{"line":177,"column":5}},"line":156},"21":{"name":"(anonymous_21)","decl":{"start":{"line":180,"column":2},"end":{"line":180,"column":3}},"loc":{"start":{"line":180,"column":37},"end":{"line":196,"column":3}},"line":180},"22":{"name":"(anonymous_22)","decl":{"start":{"line":182,"column":23},"end":{"line":182,"column":24}},"loc":{"start":{"line":182,"column":50},"end":{"line":195,"column":5}},"line":182},"23":{"name":"(anonymous_23)","decl":{"start":{"line":187,"column":10},"end":{"line":187,"column":11}},"loc":{"start":{"line":187,"column":30},"end":{"line":190,"column":11}},"line":187},"24":{"name":"(anonymous_24)","decl":{"start":{"line":198,"column":2},"end":{"line":198,"column":3}},"loc":{"start":{"line":198,"column":37},"end":{"line":221,"column":3}},"line":198},"25":{"name":"(anonymous_25)","decl":{"start":{"line":204,"column":23},"end":{"line":204,"column":24}},"loc":{"start":{"line":204,"column":50},"end":{"line":220,"column":5}},"line":204},"26":{"name":"(anonymous_26)","decl":{"start":{"line":212,"column":10},"end":{"line":212,"column":11}},"loc":{"start":{"line":212,"column":31},"end":{"line":215,"column":11}},"line":212},"27":{"name":"(anonymous_27)","decl":{"start":{"line":223,"column":2},"end":{"line":223,"column":3}},"loc":{"start":{"line":229,"column":5},"end":{"line":246,"column":3}},"line":229},"28":{"name":"(anonymous_28)","decl":{"start":{"line":235,"column":23},"end":{"line":235,"column":24}},"loc":{"start":{"line":235,"column":44},"end":{"line":245,"column":5}},"line":235},"29":{"name":"(anonymous_29)","decl":{"start":{"line":248,"column":2},"end":{"line":248,"column":3}},"loc":{"start":{"line":248,"column":33},"end":{"line":271,"column":3}},"line":248},"30":{"name":"(anonymous_30)","decl":{"start":{"line":254,"column":23},"end":{"line":254,"column":24}},"loc":{"start":{"line":254,"column":50},"end":{"line":270,"column":5}},"line":254},"31":{"name":"(anonymous_31)","decl":{"start":{"line":259,"column":10},"end":{"line":259,"column":11}},"loc":{"start":{"line":259,"column":30},"end":{"line":262,"column":11}},"line":259},"32":{"name":"(anonymous_32)","decl":{"start":{"line":273,"column":2},"end":{"line":273,"column":3}},"loc":{"start":{"line":273,"column":38},"end":{"line":301,"column":3}},"line":273},"33":{"name":"(anonymous_33)","decl":{"start":{"line":279,"column":23},"end":{"line":279,"column":24}},"loc":{"start":{"line":279,"column":50},"end":{"line":300,"column":5}},"line":279},"34":{"name":"(anonymous_34)","decl":{"start":{"line":291,"column":10},"end":{"line":291,"column":11}},"loc":{"start":{"line":291,"column":31},"end":{"line":295,"column":11}},"line":291},"35":{"name":"(anonymous_35)","decl":{"start":{"line":303,"column":2},"end":{"line":303,"column":3}},"loc":{"start":{"line":313,"column":5},"end":{"line":336,"column":3}},"line":313},"36":{"name":"(anonymous_36)","decl":{"start":{"line":314,"column":23},"end":{"line":314,"column":24}},"loc":{"start":{"line":314,"column":44},"end":{"line":335,"column":5}},"line":314},"37":{"name":"(anonymous_37)","decl":{"start":{"line":338,"column":2},"end":{"line":338,"column":3}},"loc":{"start":{"line":338,"column":25},"end":{"line":370,"column":3}},"line":338},"38":{"name":"(anonymous_38)","decl":{"start":{"line":344,"column":23},"end":{"line":344,"column":24}},"loc":{"start":{"line":344,"column":50},"end":{"line":369,"column":5}},"line":344},"39":{"name":"(anonymous_39)","decl":{"start":{"line":358,"column":10},"end":{"line":358,"column":11}},"loc":{"start":{"line":358,"column":30},"end":{"line":361,"column":11}},"line":358},"40":{"name":"(anonymous_40)","decl":{"start":{"line":372,"column":2},"end":{"line":372,"column":3}},"loc":{"start":{"line":372,"column":33},"end":{"line":406,"column":3}},"line":372},"41":{"name":"(anonymous_41)","decl":{"start":{"line":378,"column":23},"end":{"line":378,"column":24}},"loc":{"start":{"line":378,"column":50},"end":{"line":405,"column":5}},"line":378},"42":{"name":"(anonymous_42)","decl":{"start":{"line":394,"column":10},"end":{"line":394,"column":11}},"loc":{"start":{"line":394,"column":31},"end":{"line":397,"column":11}},"line":394},"43":{"name":"(anonymous_43)","decl":{"start":{"line":408,"column":2},"end":{"line":408,"column":3}},"loc":{"start":{"line":413,"column":5},"end":{"line":430,"column":3}},"line":413},"44":{"name":"(anonymous_44)","decl":{"start":{"line":414,"column":23},"end":{"line":414,"column":24}},"loc":{"start":{"line":414,"column":44},"end":{"line":429,"column":5}},"line":414},"45":{"name":"(anonymous_45)","decl":{"start":{"line":432,"column":2},"end":{"line":432,"column":3}},"loc":{"start":{"line":432,"column":36},"end":{"line":455,"column":3}},"line":432},"46":{"name":"(anonymous_46)","decl":{"start":{"line":438,"column":23},"end":{"line":438,"column":24}},"loc":{"start":{"line":438,"column":50},"end":{"line":454,"column":5}},"line":438},"47":{"name":"(anonymous_47)","decl":{"start":{"line":443,"column":10},"end":{"line":443,"column":11}},"loc":{"start":{"line":443,"column":31},"end":{"line":446,"column":11}},"line":443},"48":{"name":"(anonymous_48)","decl":{"start":{"line":457,"column":2},"end":{"line":457,"column":3}},"loc":{"start":{"line":457,"column":41},"end":{"line":480,"column":3}},"line":457},"49":{"name":"(anonymous_49)","decl":{"start":{"line":463,"column":23},"end":{"line":463,"column":24}},"loc":{"start":{"line":463,"column":50},"end":{"line":479,"column":5}},"line":463},"50":{"name":"(anonymous_50)","decl":{"start":{"line":468,"column":10},"end":{"line":468,"column":11}},"loc":{"start":{"line":468,"column":31},"end":{"line":471,"column":11}},"line":468},"51":{"name":"(anonymous_51)","decl":{"start":{"line":486,"column":2},"end":{"line":486,"column":3}},"loc":{"start":{"line":486,"column":10},"end":{"line":494,"column":3}},"line":486},"52":{"name":"(anonymous_52)","decl":{"start":{"line":487,"column":18},"end":{"line":487,"column":19}},"loc":{"start":{"line":487,"column":27},"end":{"line":493,"column":5}},"line":487}},"branchMap":{"0":{"loc":{"start":{"line":16,"column":14},"end":{"line":16,"column":34}},"type":"default-arg","locations":[{"start":{"line":16,"column":21},"end":{"line":16,"column":34}}],"line":16},"1":{"loc":{"start":{"line":18,"column":4},"end":{"line":20,"column":5}},"type":"if","locations":[{"start":{"line":18,"column":4},"end":{"line":20,"column":5}},{"start":{},"end":{}}],"line":18},"2":{"loc":{"start":{"line":32,"column":8},"end":{"line":45,"column":9}},"type":"if","locations":[{"start":{"line":32,"column":8},"end":{"line":45,"column":9}},{"start":{"line":43,"column":13},"end":{"line":45,"column":9}}],"line":32},"3":{"loc":{"start":{"line":38,"column":14},"end":{"line":38,"column":69}},"type":"if","locations":[{"start":{"line":38,"column":14},"end":{"line":38,"column":69}},{"start":{},"end":{}}],"line":38},"4":{"loc":{"start":{"line":53,"column":8},"end":{"line":68,"column":9}},"type":"if","locations":[{"start":{"line":53,"column":8},"end":{"line":68,"column":9}},{"start":{"line":66,"column":15},"end":{"line":68,"column":9}}],"line":53},"5":{"loc":{"start":{"line":60,"column":14},"end":{"line":62,"column":15}},"type":"if","locations":[{"start":{"line":60,"column":14},"end":{"line":62,"column":15}},{"start":{},"end":{}}],"line":60},"6":{"loc":{"start":{"line":81,"column":10},"end":{"line":82,"column":30}},"type":"if","locations":[{"start":{"line":81,"column":10},"end":{"line":82,"column":30}},{"start":{"line":82,"column":15},"end":{"line":82,"column":30}}],"line":81},"7":{"loc":{"start":{"line":100,"column":4},"end":{"line":100,"column":22}},"type":"default-arg","locations":[{"start":{"line":100,"column":18},"end":{"line":100,"column":22}}],"line":100},"8":{"loc":{"start":{"line":101,"column":4},"end":{"line":101,"column":25}},"type":"default-arg","locations":[{"start":{"line":101,"column":21},"end":{"line":101,"column":25}}],"line":101},"9":{"loc":{"start":{"line":102,"column":4},"end":{"line":102,"column":27}},"type":"default-arg","locations":[{"start":{"line":102,"column":19},"end":{"line":102,"column":27}}],"line":102},"10":{"loc":{"start":{"line":106,"column":6},"end":{"line":121,"column":7}},"type":"if","locations":[{"start":{"line":106,"column":6},"end":{"line":121,"column":7}},{"start":{},"end":{}}],"line":106},"11":{"loc":{"start":{"line":129,"column":6},"end":{"line":140,"column":7}},"type":"if","locations":[{"start":{"line":129,"column":6},"end":{"line":140,"column":7}},{"start":{"line":138,"column":13},"end":{"line":140,"column":7}}],"line":129},"12":{"loc":{"start":{"line":134,"column":12},"end":{"line":134,"column":57}},"type":"if","locations":[{"start":{"line":134,"column":12},"end":{"line":134,"column":57}},{"start":{},"end":{}}],"line":134},"13":{"loc":{"start":{"line":135,"column":12},"end":{"line":135,"column":33}},"type":"if","locations":[{"start":{"line":135,"column":12},"end":{"line":135,"column":33}},{"start":{},"end":{}}],"line":135},"14":{"loc":{"start":{"line":152,"column":4},"end":{"line":152,"column":22}},"type":"default-arg","locations":[{"start":{"line":152,"column":18},"end":{"line":152,"column":22}}],"line":152},"15":{"loc":{"start":{"line":157,"column":6},"end":{"line":176,"column":7}},"type":"if","locations":[{"start":{"line":157,"column":6},"end":{"line":176,"column":7}},{"start":{"line":169,"column":13},"end":{"line":176,"column":7}}],"line":157},"16":{"loc":{"start":{"line":183,"column":6},"end":{"line":194,"column":7}},"type":"if","locations":[{"start":{"line":183,"column":6},"end":{"line":194,"column":7}},{"start":{"line":192,"column":13},"end":{"line":194,"column":7}}],"line":183},"17":{"loc":{"start":{"line":188,"column":12},"end":{"line":188,"column":57}},"type":"if","locations":[{"start":{"line":188,"column":12},"end":{"line":188,"column":57}},{"start":{},"end":{}}],"line":188},"18":{"loc":{"start":{"line":189,"column":12},"end":{"line":189,"column":33}},"type":"if","locations":[{"start":{"line":189,"column":12},"end":{"line":189,"column":33}},{"start":{},"end":{}}],"line":189},"19":{"loc":{"start":{"line":205,"column":6},"end":{"line":219,"column":7}},"type":"if","locations":[{"start":{"line":205,"column":6},"end":{"line":219,"column":7}},{"start":{"line":217,"column":13},"end":{"line":219,"column":7}}],"line":205},"20":{"loc":{"start":{"line":213,"column":12},"end":{"line":213,"column":33}},"type":"if","locations":[{"start":{"line":213,"column":12},"end":{"line":213,"column":33}},{"start":{},"end":{}}],"line":213},"21":{"loc":{"start":{"line":214,"column":12},"end":{"line":214,"column":70}},"type":"if","locations":[{"start":{"line":214,"column":12},"end":{"line":214,"column":70}},{"start":{},"end":{}}],"line":214},"22":{"loc":{"start":{"line":228,"column":4},"end":{"line":228,"column":16}},"type":"default-arg","locations":[{"start":{"line":228,"column":14},"end":{"line":228,"column":16}}],"line":228},"23":{"loc":{"start":{"line":236,"column":6},"end":{"line":243,"column":7}},"type":"if","locations":[{"start":{"line":236,"column":6},"end":{"line":243,"column":7}},{"start":{},"end":{}}],"line":236},"24":{"loc":{"start":{"line":255,"column":6},"end":{"line":269,"column":7}},"type":"if","locations":[{"start":{"line":255,"column":6},"end":{"line":269,"column":7}},{"start":{"line":264,"column":13},"end":{"line":269,"column":7}}],"line":255},"25":{"loc":{"start":{"line":260,"column":12},"end":{"line":260,"column":57}},"type":"if","locations":[{"start":{"line":260,"column":12},"end":{"line":260,"column":57}},{"start":{},"end":{}}],"line":260},"26":{"loc":{"start":{"line":261,"column":12},"end":{"line":261,"column":33}},"type":"if","locations":[{"start":{"line":261,"column":12},"end":{"line":261,"column":33}},{"start":{},"end":{}}],"line":261},"27":{"loc":{"start":{"line":280,"column":6},"end":{"line":299,"column":7}},"type":"if","locations":[{"start":{"line":280,"column":6},"end":{"line":299,"column":7}},{"start":{"line":297,"column":13},"end":{"line":299,"column":7}}],"line":280},"28":{"loc":{"start":{"line":292,"column":12},"end":{"line":292,"column":33}},"type":"if","locations":[{"start":{"line":292,"column":12},"end":{"line":292,"column":33}},{"start":{},"end":{}}],"line":292},"29":{"loc":{"start":{"line":293,"column":12},"end":{"line":293,"column":81}},"type":"if","locations":[{"start":{"line":293,"column":12},"end":{"line":293,"column":81}},{"start":{},"end":{}}],"line":293},"30":{"loc":{"start":{"line":293,"column":22},"end":{"line":293,"column":80}},"type":"if","locations":[{"start":{"line":293,"column":22},"end":{"line":293,"column":80}},{"start":{},"end":{}}],"line":293},"31":{"loc":{"start":{"line":309,"column":4},"end":{"line":309,"column":17}},"type":"default-arg","locations":[{"start":{"line":309,"column":15},"end":{"line":309,"column":17}}],"line":309},"32":{"loc":{"start":{"line":310,"column":4},"end":{"line":310,"column":18}},"type":"default-arg","locations":[{"start":{"line":310,"column":16},"end":{"line":310,"column":18}}],"line":310},"33":{"loc":{"start":{"line":311,"column":4},"end":{"line":311,"column":31}},"type":"default-arg","locations":[{"start":{"line":311,"column":29},"end":{"line":311,"column":31}}],"line":311},"34":{"loc":{"start":{"line":312,"column":4},"end":{"line":312,"column":32}},"type":"default-arg","locations":[{"start":{"line":312,"column":30},"end":{"line":312,"column":32}}],"line":312},"35":{"loc":{"start":{"line":345,"column":6},"end":{"line":368,"column":7}},"type":"if","locations":[{"start":{"line":345,"column":6},"end":{"line":368,"column":7}},{"start":{"line":363,"column":13},"end":{"line":368,"column":7}}],"line":345},"36":{"loc":{"start":{"line":359,"column":12},"end":{"line":359,"column":57}},"type":"if","locations":[{"start":{"line":359,"column":12},"end":{"line":359,"column":57}},{"start":{},"end":{}}],"line":359},"37":{"loc":{"start":{"line":360,"column":12},"end":{"line":360,"column":33}},"type":"if","locations":[{"start":{"line":360,"column":12},"end":{"line":360,"column":33}},{"start":{},"end":{}}],"line":360},"38":{"loc":{"start":{"line":380,"column":6},"end":{"line":404,"column":7}},"type":"if","locations":[{"start":{"line":380,"column":6},"end":{"line":404,"column":7}},{"start":{"line":399,"column":13},"end":{"line":404,"column":7}}],"line":380},"39":{"loc":{"start":{"line":395,"column":12},"end":{"line":395,"column":33}},"type":"if","locations":[{"start":{"line":395,"column":12},"end":{"line":395,"column":33}},{"start":{},"end":{}}],"line":395},"40":{"loc":{"start":{"line":396,"column":12},"end":{"line":396,"column":79}},"type":"if","locations":[{"start":{"line":396,"column":12},"end":{"line":396,"column":79}},{"start":{},"end":{}}],"line":396},"41":{"loc":{"start":{"line":396,"column":21},"end":{"line":396,"column":79}},"type":"if","locations":[{"start":{"line":396,"column":21},"end":{"line":396,"column":79}},{"start":{},"end":{}}],"line":396},"42":{"loc":{"start":{"line":412,"column":4},"end":{"line":412,"column":17}},"type":"default-arg","locations":[{"start":{"line":412,"column":15},"end":{"line":412,"column":17}}],"line":412},"43":{"loc":{"start":{"line":439,"column":6},"end":{"line":453,"column":7}},"type":"if","locations":[{"start":{"line":439,"column":6},"end":{"line":453,"column":7}},{"start":{"line":448,"column":13},"end":{"line":453,"column":7}}],"line":439},"44":{"loc":{"start":{"line":444,"column":12},"end":{"line":444,"column":33}},"type":"if","locations":[{"start":{"line":444,"column":12},"end":{"line":444,"column":33}},{"start":{},"end":{}}],"line":444},"45":{"loc":{"start":{"line":445,"column":12},"end":{"line":445,"column":79}},"type":"if","locations":[{"start":{"line":445,"column":12},"end":{"line":445,"column":79}},{"start":{},"end":{}}],"line":445},"46":{"loc":{"start":{"line":445,"column":21},"end":{"line":445,"column":79}},"type":"if","locations":[{"start":{"line":445,"column":21},"end":{"line":445,"column":79}},{"start":{},"end":{}}],"line":445},"47":{"loc":{"start":{"line":464,"column":6},"end":{"line":478,"column":7}},"type":"if","locations":[{"start":{"line":464,"column":6},"end":{"line":478,"column":7}},{"start":{"line":473,"column":13},"end":{"line":478,"column":7}}],"line":464},"48":{"loc":{"start":{"line":469,"column":12},"end":{"line":469,"column":33}},"type":"if","locations":[{"start":{"line":469,"column":12},"end":{"line":469,"column":33}},{"start":{},"end":{}}],"line":469},"49":{"loc":{"start":{"line":470,"column":12},"end":{"line":470,"column":70}},"type":"if","locations":[{"start":{"line":470,"column":12},"end":{"line":470,"column":70}},{"start":{},"end":{}}],"line":470},"50":{"loc":{"start":{"line":488,"column":6},"end":{"line":492,"column":7}},"type":"if","locations":[{"start":{"line":488,"column":6},"end":{"line":492,"column":7}},{"start":{"line":490,"column":13},"end":{"line":492,"column":7}}],"line":488}},"s":{"0":8,"1":8,"2":8,"3":8,"4":8,"5":8,"6":8,"7":8,"8":8,"9":6,"10":6,"11":2,"12":6,"13":8,"14":8,"15":8,"16":8,"17":1,"18":1,"19":0,"20":0,"21":0,"22":0,"23":0,"24":1,"25":7,"26":0,"27":0,"28":0,"29":0,"30":0,"31":0,"32":0,"33":0,"34":0,"35":0,"36":0,"37":0,"38":0,"39":2,"40":2,"41":0,"42":0,"43":0,"44":0,"45":1,"46":0,"47":0,"48":0,"49":0,"50":0,"51":0,"52":0,"53":0,"54":0,"55":0,"56":0,"57":0,"58":0,"59":0,"60":0,"61":0,"62":0,"63":0,"64":0,"65":0,"66":0,"67":0,"68":0,"69":0,"70":0,"71":0,"72":0,"73":0,"74":0,"75":0,"76":0,"77":0,"78":0,"79":0,"80":0,"81":0,"82":0,"83":0,"84":0,"85":0,"86":0,"87":0,"88":0,"89":0,"90":0,"91":0,"92":0,"93":0,"94":0,"95":0,"96":0,"97":0,"98":0,"99":0,"100":0,"101":0,"102":0,"103":0,"104":0,"105":0,"106":0,"107":0,"108":0,"109":0,"110":0,"111":0,"112":0,"113":0,"114":0,"115":0,"116":0,"117":0,"118":0,"119":0,"120":0,"121":0,"122":0,"123":0,"124":0,"125":0,"126":0,"127":0,"128":0,"129":0,"130":0,"131":0,"132":0,"133":0,"134":0,"135":0,"136":0,"137":0,"138":0,"139":0,"140":0,"141":0,"142":0,"143":0,"144":0,"145":0,"146":0,"147":0,"148":0,"149":0,"150":0,"151":0,"152":0,"153":0,"154":0,"155":0,"156":0,"157":0,"158":0,"159":0,"160":0,"161":4,"162":0,"163":0,"164":0,"165":8},"f":{"0":6,"1":8,"2":8,"3":8,"4":0,"5":0,"6":0,"7":0,"8":0,"9":0,"10":0,"11":2,"12":2,"13":0,"14":1,"15":0,"16":0,"17":0,"18":0,"19":0,"20":0,"21":0,"22":0,"23":0,"24":0,"25":0,"26":0,"27":0,"28":0,"29":0,"30":0,"31":0,"32":0,"33":0,"34":0,"35":0,"36":0,"37":0,"38":0,"39":0,"40":0,"41":0,"42":0,"43":0,"44":0,"45":0,"46":0,"47":0,"48":0,"49":0,"50":0,"51":4,"52":0},"b":{"0":[2],"1":[2,4],"2":[1,7],"3":[0,0],"4":[0,0],"5":[0,0],"6":[0,0],"7":[1],"8":[1],"9":[1],"10":[0,0],"11":[0,0],"12":[0,0],"13":[0,0],"14":[0],"15":[0,0],"16":[0,0],"17":[0,0],"18":[0,0],"19":[0,0],"20":[0,0],"21":[0,0],"22":[0],"23":[0,0],"24":[0,0],"25":[0,0],"26":[0,0],"27":[0,0],"28":[0,0],"29":[0,0],"30":[0,0],"31":[0],"32":[0],"33":[0],"34":[0],"35":[0,0],"36":[0,0],"37":[0,0],"38":[0,0],"39":[0,0],"40":[0,0],"41":[0,0],"42":[0],"43":[0,0],"44":[0,0],"45":[0,0],"46":[0,0],"47":[0,0],"48":[0,0],"49":[0,0],"50":[0,0]},"_coverageSchema":"1a1c01bbd47fc00a2c39e90264f33305004495a9","hash":"d55d565d965b468f5c2d0feb185761c05dd62043"}
,"C:\\Users\\shiva\\Documents\\VS_Code\\SOEN_390_Team_20\\SOEN_390_Team_20\\Web\\Back-End\\repo\\accountsMaster.js": {"path":"C:\\Users\\shiva\\Documents\\VS_Code\\SOEN_390_Team_20\\SOEN_390_Team_20\\Web\\Back-End\\repo\\accountsMaster.js","statementMap":{"0":{"start":{"line":1,"column":28},"end":{"line":1,"column":69}},"1":{"start":{"line":2,"column":15},"end":{"line":2,"column":34}},"2":{"start":{"line":6,"column":4},"end":{"line":6,"column":61}},"3":{"start":{"line":10,"column":4},"end":{"line":19,"column":5}},"4":{"start":{"line":11,"column":29},"end":{"line":14,"column":7}},"5":{"start":{"line":15,"column":73},"end":{"line":15,"column":77}},"6":{"start":{"line":16,"column":6},"end":{"line":16,"column":37}},"7":{"start":{"line":18,"column":6},"end":{"line":18,"column":59}},"8":{"start":{"line":23,"column":4},"end":{"line":27,"column":5}},"9":{"start":{"line":24,"column":6},"end":{"line":24,"column":66}},"10":{"start":{"line":26,"column":6},"end":{"line":26,"column":63}},"11":{"start":{"line":37,"column":4},"end":{"line":47,"column":5}},"12":{"start":{"line":39,"column":25},"end":{"line":39,"column":26}},"13":{"start":{"line":40,"column":29},"end":{"line":40,"column":77}},"14":{"start":{"line":43,"column":6},"end":{"line":43,"column":41}},"15":{"start":{"line":44,"column":6},"end":{"line":44,"column":67}},"16":{"start":{"line":46,"column":6},"end":{"line":46,"column":66}},"17":{"start":{"line":58,"column":4},"end":{"line":62,"column":5}},"18":{"start":{"line":59,"column":6},"end":{"line":59,"column":69}},"19":{"start":{"line":61,"column":6},"end":{"line":61,"column":70}},"20":{"start":{"line":66,"column":4},"end":{"line":72,"column":5}},"21":{"start":{"line":67,"column":6},"end":{"line":67,"column":66}},"22":{"start":{"line":69,"column":6},"end":{"line":71,"column":8}},"23":{"start":{"line":76,"column":4},"end":{"line":76,"column":30}},"24":{"start":{"line":80,"column":0},"end":{"line":80,"column":32}}},"fnMap":{"0":{"name":"(anonymous_0)","decl":{"start":{"line":5,"column":2},"end":{"line":5,"column":3}},"loc":{"start":{"line":5,"column":16},"end":{"line":7,"column":3}},"line":5},"1":{"name":"(anonymous_1)","decl":{"start":{"line":9,"column":2},"end":{"line":9,"column":3}},"loc":{"start":{"line":9,"column":50},"end":{"line":20,"column":3}},"line":9},"2":{"name":"(anonymous_2)","decl":{"start":{"line":22,"column":2},"end":{"line":22,"column":3}},"loc":{"start":{"line":22,"column":44},"end":{"line":28,"column":3}},"line":22},"3":{"name":"(anonymous_3)","decl":{"start":{"line":36,"column":2},"end":{"line":36,"column":3}},"loc":{"start":{"line":36,"column":31},"end":{"line":48,"column":3}},"line":36},"4":{"name":"(anonymous_4)","decl":{"start":{"line":57,"column":2},"end":{"line":57,"column":3}},"loc":{"start":{"line":57,"column":39},"end":{"line":63,"column":3}},"line":57},"5":{"name":"(anonymous_5)","decl":{"start":{"line":65,"column":2},"end":{"line":65,"column":3}},"loc":{"start":{"line":65,"column":42},"end":{"line":73,"column":3}},"line":65},"6":{"name":"(anonymous_6)","decl":{"start":{"line":75,"column":2},"end":{"line":75,"column":3}},"loc":{"start":{"line":75,"column":10},"end":{"line":77,"column":3}},"line":75}},"branchMap":{},"s":{"0":3,"1":3,"2":0,"3":0,"4":0,"5":0,"6":0,"7":0,"8":0,"9":0,"10":0,"11":0,"12":0,"13":0,"14":0,"15":0,"16":0,"17":0,"18":0,"19":0,"20":0,"21":0,"22":0,"23":0,"24":3},"f":{"0":0,"1":0,"2":0,"3":0,"4":0,"5":0,"6":0},"b":{},"_coverageSchema":"1a1c01bbd47fc00a2c39e90264f33305004495a9","hash":"d763e453c4e10827c612163908f6aee4a8230e00"}
,"C:\\Users\\shiva\\Documents\\VS_Code\\SOEN_390_Team_20\\SOEN_390_Team_20\\Web\\Back-End\\repo\\postsMaster.js": {"path":"C:\\Users\\shiva\\Documents\\VS_Code\\SOEN_390_Team_20\\SOEN_390_Team_20\\Web\\Back-End\\repo\\postsMaster.js","statementMap":{"0":{"start":{"line":1,"column":28},"end":{"line":1,"column":69}},"1":{"start":{"line":5,"column":4},"end":{"line":5,"column":61}},"2":{"start":{"line":9,"column":4},"end":{"line":13,"column":5}},"3":{"start":{"line":10,"column":8},"end":{"line":10,"column":63}},"4":{"start":{"line":12,"column":8},"end":{"line":12,"column":27}},"5":{"start":{"line":17,"column":4},"end":{"line":21,"column":5}},"6":{"start":{"line":18,"column":8},"end":{"line":18,"column":67}},"7":{"start":{"line":20,"column":8},"end":{"line":20,"column":27}},"8":{"start":{"line":25,"column":4},"end":{"line":29,"column":5}},"9":{"start":{"line":26,"column":8},"end":{"line":26,"column":72}},"10":{"start":{"line":28,"column":8},"end":{"line":28,"column":27}},"11":{"start":{"line":33,"column":0},"end":{"line":33,"column":29}}},"fnMap":{"0":{"name":"(anonymous_0)","decl":{"start":{"line":4,"column":2},"end":{"line":4,"column":3}},"loc":{"start":{"line":4,"column":16},"end":{"line":6,"column":3}},"line":4},"1":{"name":"(anonymous_1)","decl":{"start":{"line":8,"column":2},"end":{"line":8,"column":3}},"loc":{"start":{"line":8,"column":29},"end":{"line":14,"column":3}},"line":8},"2":{"name":"(anonymous_2)","decl":{"start":{"line":16,"column":2},"end":{"line":16,"column":3}},"loc":{"start":{"line":16,"column":33},"end":{"line":22,"column":3}},"line":16},"3":{"name":"(anonymous_3)","decl":{"start":{"line":24,"column":2},"end":{"line":24,"column":3}},"loc":{"start":{"line":24,"column":38},"end":{"line":30,"column":3}},"line":24}},"branchMap":{},"s":{"0":2,"1":1,"2":0,"3":0,"4":0,"5":0,"6":0,"7":0,"8":0,"9":0,"10":0,"11":2},"f":{"0":1,"1":0,"2":0,"3":0},"b":{},"_coverageSchema":"1a1c01bbd47fc00a2c39e90264f33305004495a9","hash":"298f66e9f6bd0b6be2c6a813010edb89f8c02f02"}
,"C:\\Users\\shiva\\Documents\\VS_Code\\SOEN_390_Team_20\\SOEN_390_Team_20\\Web\\Back-End\\repo\\propertyMaster.js": {"path":"C:\\Users\\shiva\\Documents\\VS_Code\\SOEN_390_Team_20\\SOEN_390_Team_20\\Web\\Back-End\\repo\\propertyMaster.js","statementMap":{"0":{"start":{"line":1,"column":28},"end":{"line":1,"column":69}},"1":{"start":{"line":5,"column":4},"end":{"line":5,"column":61}},"2":{"start":{"line":9,"column":4},"end":{"line":13,"column":5}},"3":{"start":{"line":10,"column":8},"end":{"line":10,"column":71}},"4":{"start":{"line":12,"column":8},"end":{"line":12,"column":21}},"5":{"start":{"line":17,"column":4},"end":{"line":21,"column":5}},"6":{"start":{"line":18,"column":8},"end":{"line":18,"column":64}},"7":{"start":{"line":20,"column":8},"end":{"line":20,"column":27}},"8":{"start":{"line":25,"column":4},"end":{"line":29,"column":5}},"9":{"start":{"line":26,"column":8},"end":{"line":26,"column":69}},"10":{"start":{"line":28,"column":8},"end":{"line":28,"column":27}},"11":{"start":{"line":33,"column":0},"end":{"line":33,"column":32}}},"fnMap":{"0":{"name":"(anonymous_0)","decl":{"start":{"line":4,"column":2},"end":{"line":4,"column":3}},"loc":{"start":{"line":4,"column":16},"end":{"line":6,"column":3}},"line":4},"1":{"name":"(anonymous_1)","decl":{"start":{"line":8,"column":2},"end":{"line":8,"column":3}},"loc":{"start":{"line":8,"column":41},"end":{"line":14,"column":3}},"line":8},"2":{"name":"(anonymous_2)","decl":{"start":{"line":16,"column":2},"end":{"line":16,"column":3}},"loc":{"start":{"line":16,"column":32},"end":{"line":22,"column":3}},"line":16},"3":{"name":"(anonymous_3)","decl":{"start":{"line":24,"column":2},"end":{"line":24,"column":3}},"loc":{"start":{"line":24,"column":38},"end":{"line":30,"column":3}},"line":24}},"branchMap":{},"s":{"0":1,"1":0,"2":0,"3":0,"4":0,"5":0,"6":0,"7":0,"8":0,"9":0,"10":0,"11":1},"f":{"0":0,"1":0,"2":0,"3":0},"b":{},"_coverageSchema":"1a1c01bbd47fc00a2c39e90264f33305004495a9","hash":"f7d5137b4dcd6b9f1114fcfe784e5d8f6007ee43"}
,"C:\\Users\\shiva\\Documents\\VS_Code\\SOEN_390_Team_20\\SOEN_390_Team_20\\Web\\Back-End\\repo\\unitMaster.js": {"path":"C:\\Users\\shiva\\Documents\\VS_Code\\SOEN_390_Team_20\\SOEN_390_Team_20\\Web\\Back-End\\repo\\unitMaster.js","statementMap":{"0":{"start":{"line":1,"column":28},"end":{"line":1,"column":69}},"1":{"start":{"line":5,"column":4},"end":{"line":5,"column":61}},"2":{"start":{"line":9,"column":4},"end":{"line":13,"column":5}},"3":{"start":{"line":10,"column":6},"end":{"line":10,"column":61}},"4":{"start":{"line":12,"column":6},"end":{"line":12,"column":25}},"5":{"start":{"line":17,"column":4},"end":{"line":21,"column":5}},"6":{"start":{"line":18,"column":6},"end":{"line":18,"column":54}},"7":{"start":{"line":20,"column":6},"end":{"line":20,"column":25}},"8":{"start":{"line":25,"column":4},"end":{"line":29,"column":5}},"9":{"start":{"line":26,"column":8},"end":{"line":26,"column":64}},"10":{"start":{"line":28,"column":8},"end":{"line":28,"column":27}},"11":{"start":{"line":33,"column":0},"end":{"line":33,"column":28}}},"fnMap":{"0":{"name":"(anonymous_0)","decl":{"start":{"line":4,"column":2},"end":{"line":4,"column":3}},"loc":{"start":{"line":4,"column":16},"end":{"line":6,"column":3}},"line":4},"1":{"name":"(anonymous_1)","decl":{"start":{"line":8,"column":2},"end":{"line":8,"column":3}},"loc":{"start":{"line":8,"column":31},"end":{"line":14,"column":3}},"line":8},"2":{"name":"(anonymous_2)","decl":{"start":{"line":16,"column":2},"end":{"line":16,"column":3}},"loc":{"start":{"line":16,"column":25},"end":{"line":22,"column":3}},"line":16},"3":{"name":"(anonymous_3)","decl":{"start":{"line":24,"column":2},"end":{"line":24,"column":3}},"loc":{"start":{"line":24,"column":38},"end":{"line":30,"column":3}},"line":24}},"branchMap":{},"s":{"0":2,"1":1,"2":0,"3":0,"4":0,"5":0,"6":0,"7":0,"8":0,"9":0,"10":0,"11":2},"f":{"0":1,"1":0,"2":0,"3":0},"b":{},"_coverageSchema":"1a1c01bbd47fc00a2c39e90264f33305004495a9","hash":"d25628168d9a8ec57fa1ce5facb972eacc6bb746"}
,"C:\\Users\\shiva\\Documents\\VS_Code\\SOEN_390_Team_20\\SOEN_390_Team_20\\Web\\Back-End\\routes\\accounts.js": {"path":"C:\\Users\\shiva\\Documents\\VS_Code\\SOEN_390_Team_20\\SOEN_390_Team_20\\Web\\Back-End\\routes\\accounts.js","statementMap":{"0":{"start":{"line":1,"column":16},"end":{"line":1,"column":34}},"1":{"start":{"line":2,"column":15},"end":{"line":2,"column":31}},"2":{"start":{"line":3,"column":23},"end":{"line":3,"column":56}},"3":{"start":{"line":5,"column":17},"end":{"line":5,"column":37}},"4":{"start":{"line":8,"column":21},"end":{"line":10,"column":1}},"5":{"start":{"line":9,"column":2},"end":{"line":9,"column":60}},"6":{"start":{"line":11,"column":0},"end":{"line":11,"column":25}},"7":{"start":{"line":14,"column":0},"end":{"line":21,"column":3}},"8":{"start":{"line":15,"column":2},"end":{"line":20,"column":3}},"9":{"start":{"line":16,"column":21},"end":{"line":16,"column":58}},"10":{"start":{"line":17,"column":4},"end":{"line":17,"column":54}},"11":{"start":{"line":19,"column":4},"end":{"line":19,"column":40}},"12":{"start":{"line":24,"column":0},"end":{"line":34,"column":3}},"13":{"start":{"line":25,"column":2},"end":{"line":33,"column":3}},"14":{"start":{"line":26,"column":36},"end":{"line":29,"column":5}},"15":{"start":{"line":30,"column":4},"end":{"line":30,"column":51}},"16":{"start":{"line":32,"column":4},"end":{"line":32,"column":40}},"17":{"start":{"line":37,"column":0},"end":{"line":44,"column":3}},"18":{"start":{"line":38,"column":2},"end":{"line":43,"column":3}},"19":{"start":{"line":39,"column":19},"end":{"line":39,"column":60}},"20":{"start":{"line":40,"column":4},"end":{"line":40,"column":43}},"21":{"start":{"line":42,"column":4},"end":{"line":42,"column":40}},"22":{"start":{"line":47,"column":0},"end":{"line":57,"column":3}},"23":{"start":{"line":48,"column":2},"end":{"line":56,"column":3}},"24":{"start":{"line":49,"column":28},"end":{"line":52,"column":5}},"25":{"start":{"line":53,"column":4},"end":{"line":53,"column":61}},"26":{"start":{"line":55,"column":4},"end":{"line":55,"column":40}},"27":{"start":{"line":60,"column":0},"end":{"line":67,"column":3}},"28":{"start":{"line":61,"column":2},"end":{"line":66,"column":3}},"29":{"start":{"line":62,"column":22},"end":{"line":62,"column":79}},"30":{"start":{"line":63,"column":4},"end":{"line":63,"column":49}},"31":{"start":{"line":65,"column":4},"end":{"line":65,"column":40}},"32":{"start":{"line":69,"column":0},"end":{"line":69,"column":24}}},"fnMap":{"0":{"name":"(anonymous_0)","decl":{"start":{"line":8,"column":21},"end":{"line":8,"column":22}},"loc":{"start":{"line":8,"column":46},"end":{"line":10,"column":1}},"line":8},"1":{"name":"(anonymous_1)","decl":{"start":{"line":14,"column":25},"end":{"line":14,"column":26}},"loc":{"start":{"line":14,"column":51},"end":{"line":21,"column":1}},"line":14},"2":{"name":"(anonymous_2)","decl":{"start":{"line":24,"column":22},"end":{"line":24,"column":23}},"loc":{"start":{"line":24,"column":48},"end":{"line":34,"column":1}},"line":24},"3":{"name":"(anonymous_3)","decl":{"start":{"line":37,"column":34},"end":{"line":37,"column":35}},"loc":{"start":{"line":37,"column":60},"end":{"line":44,"column":1}},"line":37},"4":{"name":"(anonymous_4)","decl":{"start":{"line":47,"column":26},"end":{"line":47,"column":27}},"loc":{"start":{"line":47,"column":52},"end":{"line":57,"column":1}},"line":47},"5":{"name":"(anonymous_5)","decl":{"start":{"line":60,"column":42},"end":{"line":60,"column":43}},"loc":{"start":{"line":60,"column":68},"end":{"line":67,"column":1}},"line":60}},"branchMap":{},"s":{"0":1,"1":1,"2":1,"3":1,"4":1,"5":5,"6":1,"7":1,"8":2,"9":2,"10":2,"11":1,"12":1,"13":2,"14":2,"15":2,"16":1,"17":1,"18":2,"19":2,"20":2,"21":1,"22":1,"23":2,"24":2,"25":2,"26":1,"27":1,"28":2,"29":2,"30":2,"31":1,"32":1},"f":{"0":5,"1":2,"2":2,"3":2,"4":2,"5":2},"b":{},"_coverageSchema":"1a1c01bbd47fc00a2c39e90264f33305004495a9","hash":"3f8ff8678b48a6ec5c372fc45f380cf395a1c24d"}
,"C:\\Users\\shiva\\Documents\\VS_Code\\SOEN_390_Team_20\\SOEN_390_Team_20\\Web\\Back-End\\routes\\login.js": {"path":"C:\\Users\\shiva\\Documents\\VS_Code\\SOEN_390_Team_20\\SOEN_390_Team_20\\Web\\Back-End\\routes\\login.js","statementMap":{"0":{"start":{"line":1,"column":14},"end":{"line":1,"column":32}},"1":{"start":{"line":2,"column":13},"end":{"line":2,"column":29}},"2":{"start":{"line":3,"column":23},"end":{"line":3,"column":56}},"3":{"start":{"line":6,"column":0},"end":{"line":25,"column":3}},"4":{"start":{"line":7,"column":17},"end":{"line":7,"column":25}},"5":{"start":{"line":9,"column":2},"end":{"line":12,"column":3}},"6":{"start":{"line":10,"column":4},"end":{"line":10,"column":60}},"7":{"start":{"line":11,"column":4},"end":{"line":11,"column":11}},"8":{"start":{"line":14,"column":2},"end":{"line":23,"column":3}},"9":{"start":{"line":15,"column":19},"end":{"line":15,"column":39}},"10":{"start":{"line":16,"column":22},"end":{"line":16,"column":86}},"11":{"start":{"line":17,"column":4},"end":{"line":19,"column":58}},"12":{"start":{"line":18,"column":6},"end":{"line":18,"column":124}},"13":{"start":{"line":19,"column":9},"end":{"line":19,"column":58}},"14":{"start":{"line":22,"column":4},"end":{"line":22,"column":54}},"15":{"start":{"line":27,"column":0},"end":{"line":27,"column":24}}},"fnMap":{"0":{"name":"(anonymous_0)","decl":{"start":{"line":6,"column":17},"end":{"line":6,"column":18}},"loc":{"start":{"line":6,"column":49},"end":{"line":25,"column":1}},"line":6}},"branchMap":{"0":{"loc":{"start":{"line":9,"column":2},"end":{"line":12,"column":3}},"type":"if","locations":[{"start":{"line":9,"column":2},"end":{"line":12,"column":3}},{"start":{},"end":{}}],"line":9},"1":{"loc":{"start":{"line":17,"column":4},"end":{"line":19,"column":58}},"type":"if","locations":[{"start":{"line":17,"column":4},"end":{"line":19,"column":58}},{"start":{"line":19,"column":9},"end":{"line":19,"column":58}}],"line":17}},"s":{"0":1,"1":1,"2":1,"3":1,"4":3,"5":3,"6":1,"7":1,"8":2,"9":2,"10":2,"11":2,"12":1,"13":1,"14":0,"15":1},"f":{"0":3},"b":{"0":[1,2],"1":[1,1]},"_coverageSchema":"1a1c01bbd47fc00a2c39e90264f33305004495a9","hash":"b9e12fbe574a084c5a7d52a0c26df6cb974f4c1f"}
,"C:\\Users\\shiva\\Documents\\VS_Code\\SOEN_390_Team_20\\SOEN_390_Team_20\\Web\\Back-End\\routes\\properties.js": {"path":"C:\\Users\\shiva\\Documents\\VS_Code\\SOEN_390_Team_20\\SOEN_390_Team_20\\Web\\Back-End\\routes\\properties.js","statementMap":{"0":{"start":{"line":1,"column":16},"end":{"line":1,"column":34}},"1":{"start":{"line":2,"column":15},"end":{"line":2,"column":31}},"2":{"start":{"line":3,"column":23},"end":{"line":3,"column":56}},"3":{"start":{"line":4,"column":21},"end":{"line":4,"column":53}},"4":{"start":{"line":5,"column":21},"end":{"line":5,"column":53}},"5":{"start":{"line":7,"column":17},"end":{"line":7,"column":37}},"6":{"start":{"line":9,"column":0},"end":{"line":9,"column":35}},"7":{"start":{"line":10,"column":0},"end":{"line":10,"column":35}},"8":{"start":{"line":13,"column":21},"end":{"line":15,"column":1}},"9":{"start":{"line":14,"column":2},"end":{"line":14,"column":60}},"10":{"start":{"line":16,"column":0},"end":{"line":16,"column":25}},"11":{"start":{"line":19,"column":0},"end":{"line":26,"column":3}},"12":{"start":{"line":20,"column":2},"end":{"line":25,"column":3}},"13":{"start":{"line":21,"column":19},"end":{"line":21,"column":63}},"14":{"start":{"line":22,"column":4},"end":{"line":22,"column":43}},"15":{"start":{"line":24,"column":4},"end":{"line":24,"column":40}},"16":{"start":{"line":29,"column":0},"end":{"line":36,"column":3}},"17":{"start":{"line":30,"column":2},"end":{"line":35,"column":3}},"18":{"start":{"line":31,"column":26},"end":{"line":31,"column":74}},"19":{"start":{"line":32,"column":4},"end":{"line":32,"column":57}},"20":{"start":{"line":34,"column":4},"end":{"line":34,"column":40}},"21":{"start":{"line":39,"column":0},"end":{"line":46,"column":3}},"22":{"start":{"line":40,"column":2},"end":{"line":45,"column":3}},"23":{"start":{"line":41,"column":23},"end":{"line":41,"column":76}},"24":{"start":{"line":42,"column":4},"end":{"line":42,"column":51}},"25":{"start":{"line":44,"column":4},"end":{"line":44,"column":40}},"26":{"start":{"line":48,"column":0},"end":{"line":48,"column":24}}},"fnMap":{"0":{"name":"(anonymous_0)","decl":{"start":{"line":13,"column":21},"end":{"line":13,"column":22}},"loc":{"start":{"line":13,"column":46},"end":{"line":15,"column":1}},"line":13},"1":{"name":"(anonymous_1)","decl":{"start":{"line":19,"column":25},"end":{"line":19,"column":26}},"loc":{"start":{"line":19,"column":51},"end":{"line":26,"column":1}},"line":19},"2":{"name":"(anonymous_2)","decl":{"start":{"line":29,"column":28},"end":{"line":29,"column":29}},"loc":{"start":{"line":29,"column":54},"end":{"line":36,"column":1}},"line":29},"3":{"name":"(anonymous_3)","decl":{"start":{"line":39,"column":43},"end":{"line":39,"column":44}},"loc":{"start":{"line":39,"column":69},"end":{"line":46,"column":1}},"line":39}},"branchMap":{},"s":{"0":1,"1":1,"2":1,"3":1,"4":1,"5":1,"6":1,"7":1,"8":1,"9":3,"10":1,"11":1,"12":2,"13":2,"14":2,"15":1,"16":1,"17":2,"18":2,"19":2,"20":1,"21":1,"22":2,"23":2,"24":2,"25":1,"26":1},"f":{"0":3,"1":2,"2":2,"3":2},"b":{},"_coverageSchema":"1a1c01bbd47fc00a2c39e90264f33305004495a9","hash":"3c92d9ac38778b10e0314990bce7327724c540c3"}
,"C:\\Users\\shiva\\Documents\\VS_Code\\SOEN_390_Team_20\\SOEN_390_Team_20\\Web\\Back-End\\routes\\signup.js": {"path":"C:\\Users\\shiva\\Documents\\VS_Code\\SOEN_390_Team_20\\SOEN_390_Team_20\\Web\\Back-End\\routes\\signup.js","statementMap":{"0":{"start":{"line":1,"column":16},"end":{"line":1,"column":34}},"1":{"start":{"line":2,"column":15},"end":{"line":2,"column":31}},"2":{"start":{"line":3,"column":23},"end":{"line":3,"column":56}},"3":{"start":{"line":7,"column":0},"end":{"line":28,"column":3}},"4":{"start":{"line":8,"column":17},"end":{"line":8,"column":25}},"5":{"start":{"line":9,"column":2},"end":{"line":9,"column":24}},"6":{"start":{"line":11,"column":2},"end":{"line":14,"column":3}},"7":{"start":{"line":12,"column":4},"end":{"line":12,"column":60}},"8":{"start":{"line":13,"column":4},"end":{"line":13,"column":11}},"9":{"start":{"line":16,"column":17},"end":{"line":16,"column":37}},"10":{"start":{"line":17,"column":2},"end":{"line":26,"column":3}},"11":{"start":{"line":18,"column":21},"end":{"line":18,"column":58}},"12":{"start":{"line":19,"column":4},"end":{"line":22,"column":75}},"13":{"start":{"line":20,"column":6},"end":{"line":20,"column":83}},"14":{"start":{"line":22,"column":6},"end":{"line":22,"column":75}},"15":{"start":{"line":25,"column":4},"end":{"line":25,"column":54}},"16":{"start":{"line":30,"column":0},"end":{"line":30,"column":24}}},"fnMap":{"0":{"name":"(anonymous_0)","decl":{"start":{"line":7,"column":17},"end":{"line":7,"column":18}},"loc":{"start":{"line":7,"column":43},"end":{"line":28,"column":1}},"line":7}},"branchMap":{"0":{"loc":{"start":{"line":11,"column":2},"end":{"line":14,"column":3}},"type":"if","locations":[{"start":{"line":11,"column":2},"end":{"line":14,"column":3}},{"start":{},"end":{}}],"line":11},"1":{"loc":{"start":{"line":19,"column":4},"end":{"line":22,"column":75}},"type":"if","locations":[{"start":{"line":19,"column":4},"end":{"line":22,"column":75}},{"start":{"line":22,"column":6},"end":{"line":22,"column":75}}],"line":19}},"s":{"0":1,"1":1,"2":1,"3":1,"4":3,"5":3,"6":3,"7":1,"8":1,"9":2,"10":2,"11":2,"12":2,"13":1,"14":1,"15":0,"16":1},"f":{"0":3},"b":{"0":[1,2],"1":[1,1]},"_coverageSchema":"1a1c01bbd47fc00a2c39e90264f33305004495a9","hash":"0a999e8bfa634bbe9fd6d1ab731886693086c859"}
,"C:\\Users\\shiva\\Documents\\VS_Code\\SOEN_390_Team_20\\SOEN_390_Team_20\\Web\\Back-End\\routes\\nested_routes\\posts.js": {"path":"C:\\Users\\shiva\\Documents\\VS_Code\\SOEN_390_Team_20\\SOEN_390_Team_20\\Web\\Back-End\\routes\\nested_routes\\posts.js","statementMap":{"0":{"start":{"line":1,"column":16},"end":{"line":1,"column":34}},"1":{"start":{"line":2,"column":15},"end":{"line":2,"column":31}},"2":{"start":{"line":3,"column":20},"end":{"line":3,"column":53}},"3":{"start":{"line":6,"column":14},"end":{"line":6,"column":31}},"4":{"start":{"line":8,"column":21},"end":{"line":10,"column":1}},"5":{"start":{"line":9,"column":4},"end":{"line":9,"column":69}},"6":{"start":{"line":9,"column":12},"end":{"line":9,"column":69}},"7":{"start":{"line":12,"column":0},"end":{"line":12,"column":25}},"8":{"start":{"line":15,"column":0},"end":{"line":23,"column":3}},"9":{"start":{"line":16,"column":4},"end":{"line":22,"column":5}},"10":{"start":{"line":17,"column":25},"end":{"line":17,"column":33}},"11":{"start":{"line":18,"column":23},"end":{"line":18,"column":55}},"12":{"start":{"line":19,"column":8},"end":{"line":19,"column":47}},"13":{"start":{"line":21,"column":8},"end":{"line":21,"column":44}},"14":{"start":{"line":26,"column":0},"end":{"line":35,"column":3}},"15":{"start":{"line":27,"column":4},"end":{"line":34,"column":5}},"16":{"start":{"line":28,"column":8},"end":{"line":28,"column":46}},"17":{"start":{"line":29,"column":31},"end":{"line":29,"column":39}},"18":{"start":{"line":30,"column":23},"end":{"line":30,"column":59}},"19":{"start":{"line":31,"column":8},"end":{"line":31,"column":47}},"20":{"start":{"line":33,"column":8},"end":{"line":33,"column":44}},"21":{"start":{"line":38,"column":0},"end":{"line":46,"column":3}},"22":{"start":{"line":39,"column":4},"end":{"line":45,"column":5}},"23":{"start":{"line":40,"column":32},"end":{"line":40,"column":40}},"24":{"start":{"line":41,"column":23},"end":{"line":41,"column":64}},"25":{"start":{"line":42,"column":8},"end":{"line":42,"column":47}},"26":{"start":{"line":44,"column":8},"end":{"line":44,"column":44}},"27":{"start":{"line":48,"column":0},"end":{"line":48,"column":24}}},"fnMap":{"0":{"name":"(anonymous_0)","decl":{"start":{"line":8,"column":21},"end":{"line":8,"column":22}},"loc":{"start":{"line":8,"column":46},"end":{"line":10,"column":1}},"line":8},"1":{"name":"(anonymous_1)","decl":{"start":{"line":15,"column":23},"end":{"line":15,"column":24}},"loc":{"start":{"line":15,"column":49},"end":{"line":23,"column":1}},"line":15},"2":{"name":"(anonymous_2)","decl":{"start":{"line":26,"column":27},"end":{"line":26,"column":28}},"loc":{"start":{"line":26,"column":53},"end":{"line":35,"column":1}},"line":26},"3":{"name":"(anonymous_3)","decl":{"start":{"line":38,"column":39},"end":{"line":38,"column":40}},"loc":{"start":{"line":38,"column":65},"end":{"line":46,"column":1}},"line":38}},"branchMap":{"0":{"loc":{"start":{"line":9,"column":4},"end":{"line":9,"column":69}},"type":"if","locations":[{"start":{"line":9,"column":4},"end":{"line":9,"column":69}},{"start":{},"end":{}}],"line":9}},"s":{"0":2,"1":2,"2":2,"3":2,"4":2,"5":3,"6":3,"7":2,"8":2,"9":2,"10":2,"11":2,"12":2,"13":1,"14":2,"15":2,"16":2,"17":2,"18":2,"19":2,"20":1,"21":2,"22":2,"23":2,"24":2,"25":2,"26":1,"27":2},"f":{"0":3,"1":2,"2":2,"3":2},"b":{"0":[3,0]},"_coverageSchema":"1a1c01bbd47fc00a2c39e90264f33305004495a9","hash":"cb3916eceafa24f8dfaeed4459b6f4f7b88d1ff4"}
,"C:\\Users\\shiva\\Documents\\VS_Code\\SOEN_390_Team_20\\SOEN_390_Team_20\\Web\\Back-End\\routes\\nested_routes\\units.js": {"path":"C:\\Users\\shiva\\Documents\\VS_Code\\SOEN_390_Team_20\\SOEN_390_Team_20\\Web\\Back-End\\routes\\nested_routes\\units.js","statementMap":{"0":{"start":{"line":1,"column":16},"end":{"line":1,"column":34}},"1":{"start":{"line":2,"column":15},"end":{"line":2,"column":31}},"2":{"start":{"line":3,"column":19},"end":{"line":3,"column":51}},"3":{"start":{"line":6,"column":13},"end":{"line":6,"column":29}},"4":{"start":{"line":8,"column":21},"end":{"line":10,"column":1}},"5":{"start":{"line":9,"column":4},"end":{"line":9,"column":69}},"6":{"start":{"line":9,"column":12},"end":{"line":9,"column":69}},"7":{"start":{"line":12,"column":0},"end":{"line":12,"column":25}},"8":{"start":{"line":15,"column":0},"end":{"line":23,"column":3}},"9":{"start":{"line":16,"column":4},"end":{"line":22,"column":5}},"10":{"start":{"line":17,"column":25},"end":{"line":17,"column":33}},"11":{"start":{"line":18,"column":23},"end":{"line":18,"column":56}},"12":{"start":{"line":19,"column":8},"end":{"line":19,"column":47}},"13":{"start":{"line":21,"column":8},"end":{"line":21,"column":44}},"14":{"start":{"line":26,"column":0},"end":{"line":38,"column":3}},"15":{"start":{"line":27,"column":4},"end":{"line":37,"column":5}},"16":{"start":{"line":28,"column":28},"end":{"line":28,"column":36}},"17":{"start":{"line":29,"column":23},"end":{"line":29,"column":50}},"18":{"start":{"line":30,"column":8},"end":{"line":33,"column":9}},"19":{"start":{"line":31,"column":12},"end":{"line":31,"column":62}},"20":{"start":{"line":32,"column":12},"end":{"line":32,"column":19}},"21":{"start":{"line":34,"column":8},"end":{"line":34,"column":47}},"22":{"start":{"line":36,"column":8},"end":{"line":36,"column":44}},"23":{"start":{"line":41,"column":0},"end":{"line":49,"column":3}},"24":{"start":{"line":42,"column":4},"end":{"line":48,"column":5}},"25":{"start":{"line":43,"column":32},"end":{"line":43,"column":40}},"26":{"start":{"line":44,"column":22},"end":{"line":44,"column":62}},"27":{"start":{"line":45,"column":8},"end":{"line":45,"column":45}},"28":{"start":{"line":47,"column":8},"end":{"line":47,"column":44}},"29":{"start":{"line":51,"column":0},"end":{"line":51,"column":24}}},"fnMap":{"0":{"name":"(anonymous_0)","decl":{"start":{"line":8,"column":21},"end":{"line":8,"column":22}},"loc":{"start":{"line":8,"column":46},"end":{"line":10,"column":1}},"line":8},"1":{"name":"(anonymous_1)","decl":{"start":{"line":15,"column":25},"end":{"line":15,"column":26}},"loc":{"start":{"line":15,"column":51},"end":{"line":23,"column":1}},"line":15},"2":{"name":"(anonymous_2)","decl":{"start":{"line":26,"column":25},"end":{"line":26,"column":26}},"loc":{"start":{"line":26,"column":51},"end":{"line":38,"column":1}},"line":26},"3":{"name":"(anonymous_3)","decl":{"start":{"line":41,"column":32},"end":{"line":41,"column":33}},"loc":{"start":{"line":41,"column":58},"end":{"line":49,"column":1}},"line":41}},"branchMap":{"0":{"loc":{"start":{"line":9,"column":4},"end":{"line":9,"column":69}},"type":"if","locations":[{"start":{"line":9,"column":4},"end":{"line":9,"column":69}},{"start":{},"end":{}}],"line":9},"1":{"loc":{"start":{"line":30,"column":8},"end":{"line":33,"column":9}},"type":"if","locations":[{"start":{"line":30,"column":8},"end":{"line":33,"column":9}},{"start":{},"end":{}}],"line":30}},"s":{"0":2,"1":2,"2":2,"3":2,"4":2,"5":3,"6":3,"7":2,"8":2,"9":2,"10":2,"11":2,"12":2,"13":1,"14":2,"15":3,"16":3,"17":3,"18":3,"19":1,"20":1,"21":2,"22":1,"23":2,"24":2,"25":2,"26":2,"27":2,"28":1,"29":2},"f":{"0":3,"1":2,"2":3,"3":2},"b":{"0":[3,0],"1":[1,2]},"_coverageSchema":"1a1c01bbd47fc00a2c39e90264f33305004495a9","hash":"2e1b27d45f5f001cbb5699c21c35ad6215861b21"}
}
