TN:
SF:index.js
FN:24,(anonymous_0)
FN:44,(anonymous_1)
FN:49,(anonymous_2)
FNF:3
FNH:1
FNDA:1,(anonymous_0)
FNDA:0,(anonymous_1)
FNDA:0,(anonymous_2)
DA:1,1
DA:2,1
DA:3,1
DA:4,1
DA:5,1
DA:6,1
DA:8,1
DA:9,1
DA:10,1
DA:12,1
DA:15,1
DA:19,1
DA:20,1
DA:21,1
DA:22,1
DA:24,1
DA:25,1
DA:26,1
DA:28,1
DA:33,0
DA:37,1
DA:39,1
DA:40,1
DA:41,1
DA:44,1
DA:45,0
DA:49,1
DA:51,0
DA:52,0
DA:55,0
DA:56,0
DA:59,1
LF:32
LH:26
BRDA:52,0,0,0
BRDA:52,0,1,0
BRDA:55,1,0,0
BRDA:55,1,1,0
BRF:4
BRH:0
end_of_record
TN:
SF:routes\login.js
FN:6,(anonymous_0)
FN:19,(anonymous_1)
FNF:2
FNH:2
FNDA:4,(anonymous_0)
FNDA:1,(anonymous_1)
DA:1,2
DA:2,2
DA:3,2
DA:6,2
DA:7,4
DA:9,4
DA:10,1
DA:11,1
DA:14,3
DA:15,3
DA:17,2
DA:18,2
DA:19,2
DA:20,1
DA:21,1
DA:22,1
DA:26,2
DA:28,1
DA:32,2
DA:36,2
LF:20
LH:20
BRDA:9,0,0,1
BRDA:9,0,1,3
BRDA:20,1,0,1
BRDA:20,1,1,0
BRDA:20,2,0,1
BRDA:20,2,1,1
BRDA:26,3,0,1
BRDA:26,3,1,1
BRF:8
BRH:7
end_of_record
TN:
SF:routes\signup.js
FN:11,(anonymous_0)
FN:26,(anonymous_1)
FNF:2
FNH:2
FNDA:3,(anonymous_0)
FNDA:1,(anonymous_1)
DA:1,1
DA:2,1
DA:3,1
DA:4,1
DA:5,1
DA:6,1
DA:9,1
DA:11,1
DA:12,3
DA:14,3
DA:15,1
DA:16,1
DA:19,2
DA:20,2
DA:21,2
DA:23,2
DA:24,2
DA:26,2
DA:27,1
DA:28,1
DA:31,1
DA:34,1
DA:36,1
DA:38,1
DA:42,1
LF:25
LH:25
BRDA:14,0,0,1
BRDA:14,0,1,2
BRDA:27,1,0,1
BRDA:27,1,1,0
BRF:4
BRH:3
end_of_record
TN:
SF:routes\users.js
FN:5,(anonymous_0)
FNF:1
FNH:0
FNDA:0,(anonymous_0)
DA:1,1
DA:2,1
DA:5,1
DA:6,0
DA:9,1
LF:5
LH:4
BRF:0
BRH:0
end_of_record
TN:
SF:util\getUserData.js
FN:4,getUserData
FNF:1
FNH:1
FNDA:3,getUserData
DA:1,3
DA:2,3
DA:6,3
DA:8,3
DA:9,3
DA:11,3
DA:12,2
DA:14,1
DA:16,2
DA:20,3
LF:10
LH:10
BRF:0
BRH:0
end_of_record
