TN:
SF:Factory\DBControllerFactory.js
FN:5,(anonymous_0)
FNF:1
FNH:1
FNDA:2,(anonymous_0)
DA:2,11
DA:6,2
DA:10,11
LF:3
LH:3
BRF:0
BRH:0
end_of_record
TN:
SF:controllers\DBController.js
FN:16,(anonymous_0)
FN:28,(anonymous_1)
FN:30,(anonymous_2)
FN:31,(anonymous_3)
FN:34,(anonymous_4)
FN:38,(anonymous_5)
FN:51,(anonymous_6)
FN:52,(anonymous_7)
FN:53,(anonymous_8)
FN:57,(anonymous_9)
FN:60,(anonymous_10)
FN:74,(anonymous_11)
FN:75,(anonymous_12)
FN:80,(anonymous_13)
FN:98,(anonymous_14)
FN:107,(anonymous_15)
FN:128,(anonymous_16)
FN:130,(anonymous_17)
FN:143,(anonymous_18)
FN:159,(anonymous_19)
FN:167,(anonymous_20)
FN:191,(anonymous_21)
FN:193,(anonymous_22)
FN:198,(anonymous_23)
FN:209,(anonymous_24)
FN:215,(anonymous_25)
FN:223,(anonymous_26)
FN:237,(anonymous_27)
FN:249,(anonymous_28)
FN:262,(anonymous_29)
FN:268,(anonymous_30)
FN:273,(anonymous_31)
FN:287,(anonymous_32)
FN:293,(anonymous_33)
FN:304,(anonymous_34)
FN:320,(anonymous_35)
FN:331,(anonymous_36)
FN:355,(anonymous_37)
FN:357,(anonymous_38)
FN:371,(anonymous_39)
FN:385,(anonymous_40)
FN:391,(anonymous_41)
FN:407,(anonymous_42)
FN:421,(anonymous_43)
FN:422,(anonymous_44)
FN:434,(anonymous_45)
FN:436,(anonymous_46)
FN:441,(anonymous_47)
FN:455,(anonymous_48)
FN:461,(anonymous_49)
FN:466,(anonymous_50)
FN:480,(anonymous_51)
FN:486,(anonymous_52)
FN:491,(anonymous_53)
FN:509,(anonymous_54)
FN:510,(anonymous_55)
FNF:56
FNH:9
FNDA:7,(anonymous_0)
FNDA:14,(anonymous_1)
FNDA:14,(anonymous_2)
FNDA:14,(anonymous_3)
FNDA:0,(anonymous_4)
FNDA:0,(anonymous_5)
FNDA:0,(anonymous_6)
FNDA:0,(anonymous_7)
FNDA:0,(anonymous_8)
FNDA:0,(anonymous_9)
FNDA:0,(anonymous_10)
FNDA:0,(anonymous_11)
FNDA:0,(anonymous_12)
FNDA:0,(anonymous_13)
FNDA:2,(anonymous_14)
FNDA:2,(anonymous_15)
FNDA:1,(anonymous_16)
FNDA:1,(anonymous_17)
FNDA:0,(anonymous_18)
FNDA:0,(anonymous_19)
FNDA:0,(anonymous_20)
FNDA:0,(anonymous_21)
FNDA:0,(anonymous_22)
FNDA:0,(anonymous_23)
FNDA:0,(anonymous_24)
FNDA:0,(anonymous_25)
FNDA:0,(anonymous_26)
FNDA:0,(anonymous_27)
FNDA:0,(anonymous_28)
FNDA:0,(anonymous_29)
FNDA:0,(anonymous_30)
FNDA:0,(anonymous_31)
FNDA:0,(anonymous_32)
FNDA:0,(anonymous_33)
FNDA:0,(anonymous_34)
FNDA:0,(anonymous_35)
FNDA:0,(anonymous_36)
FNDA:0,(anonymous_37)
FNDA:0,(anonymous_38)
FNDA:0,(anonymous_39)
FNDA:0,(anonymous_40)
FNDA:0,(anonymous_41)
FNDA:0,(anonymous_42)
FNDA:0,(anonymous_43)
FNDA:0,(anonymous_44)
FNDA:0,(anonymous_45)
FNDA:0,(anonymous_46)
FNDA:0,(anonymous_47)
FNDA:0,(anonymous_48)
FNDA:0,(anonymous_49)
FNDA:0,(anonymous_50)
FNDA:0,(anonymous_51)
FNDA:0,(anonymous_52)
FNDA:0,(anonymous_53)
FNDA:5,(anonymous_54)
FNDA:0,(anonymous_55)
DA:1,12
DA:2,12
DA:3,12
DA:4,12
DA:6,12
DA:7,12
DA:8,12
DA:9,12
DA:11,12
DA:17,7
DA:18,7
DA:19,2
DA:21,7
DA:29,14
DA:30,14
DA:31,14
DA:32,14
DA:33,1
DA:34,1
DA:35,0
DA:36,0
DA:37,0
DA:38,0
DA:39,0
DA:42,1
DA:45,13
DA:52,0
DA:53,0
DA:54,0
DA:55,0
DA:56,0
DA:57,0
DA:58,0
DA:59,0
DA:60,0
DA:61,0
DA:62,0
DA:66,0
DA:68,0
DA:75,0
DA:76,0
DA:81,0
DA:82,0
DA:83,0
DA:106,2
DA:107,2
DA:108,2
DA:109,1
DA:110,1
DA:122,1
DA:124,2
DA:129,1
DA:130,1
DA:131,1
DA:132,1
DA:144,0
DA:145,0
DA:148,1
DA:150,0
DA:166,0
DA:167,0
DA:168,0
DA:169,0
DA:175,0
DA:179,0
DA:181,0
DA:182,0
DA:186,0
DA:192,0
DA:193,0
DA:194,0
DA:195,0
DA:199,0
DA:200,0
DA:204,0
DA:210,0
DA:215,0
DA:216,0
DA:217,0
DA:224,0
DA:225,0
DA:229,0
DA:244,0
DA:249,0
DA:250,0
DA:251,0
DA:252,0
DA:256,0
DA:258,0
DA:263,0
DA:268,0
DA:269,0
DA:270,0
DA:274,0
DA:275,0
DA:279,0
DA:288,0
DA:293,0
DA:294,0
DA:295,0
DA:305,0
DA:306,0
DA:307,0
DA:312,0
DA:331,0
DA:332,0
DA:333,0
DA:351,0
DA:356,0
DA:357,0
DA:358,0
DA:359,0
DA:372,0
DA:373,0
DA:377,0
DA:386,0
DA:391,0
DA:392,0
DA:393,0
DA:394,0
DA:408,0
DA:409,0
DA:413,0
DA:422,0
DA:423,0
DA:424,0
DA:430,0
DA:435,0
DA:436,0
DA:437,0
DA:438,0
DA:442,0
DA:443,0
DA:447,0
DA:456,0
DA:461,0
DA:462,0
DA:463,0
DA:467,0
DA:468,0
DA:472,0
DA:481,0
DA:486,0
DA:487,0
DA:488,0
DA:492,0
DA:493,0
DA:497,0
DA:510,5
DA:511,0
DA:512,0
DA:514,0
DA:520,12
LF:153
LH:35
BRDA:16,0,0,7
BRDA:18,1,0,2
BRDA:18,1,1,5
BRDA:28,2,0,7
BRDA:32,3,0,1
BRDA:32,3,1,13
BRDA:39,4,0,0
BRDA:39,4,1,0
BRDA:54,5,0,0
BRDA:54,5,1,0
BRDA:61,6,0,0
BRDA:61,6,1,0
BRDA:82,7,0,0
BRDA:82,7,1,0
BRDA:102,8,0,2
BRDA:103,9,0,2
BRDA:104,10,0,2
BRDA:108,11,0,1
BRDA:108,11,1,1
BRDA:131,12,0,1
BRDA:131,12,1,0
BRDA:144,13,0,0
BRDA:144,13,1,0
BRDA:145,14,0,0
BRDA:145,14,1,0
BRDA:163,15,0,0
BRDA:168,16,0,0
BRDA:168,16,1,0
BRDA:194,17,0,0
BRDA:194,17,1,0
BRDA:199,18,0,0
BRDA:199,18,1,0
BRDA:200,19,0,0
BRDA:200,19,1,0
BRDA:216,20,0,0
BRDA:216,20,1,0
BRDA:224,21,0,0
BRDA:224,21,1,0
BRDA:225,22,0,0
BRDA:225,22,1,0
BRDA:242,23,0,0
BRDA:250,24,0,0
BRDA:250,24,1,0
BRDA:269,25,0,0
BRDA:269,25,1,0
BRDA:274,26,0,0
BRDA:274,26,1,0
BRDA:275,27,0,0
BRDA:275,27,1,0
BRDA:294,28,0,0
BRDA:294,28,1,0
BRDA:305,29,0,0
BRDA:305,29,1,0
BRDA:306,30,0,0
BRDA:306,30,1,0
BRDA:307,31,0,0
BRDA:307,31,1,0
BRDA:326,32,0,0
BRDA:327,33,0,0
BRDA:328,34,0,0
BRDA:329,35,0,0
BRDA:358,36,0,0
BRDA:358,36,1,0
BRDA:372,37,0,0
BRDA:372,37,1,0
BRDA:373,38,0,0
BRDA:373,38,1,0
BRDA:393,39,0,0
BRDA:393,39,1,0
BRDA:408,40,0,0
BRDA:408,40,1,0
BRDA:409,41,0,0
BRDA:409,41,1,0
BRDA:409,42,0,0
BRDA:409,42,1,0
BRDA:421,43,0,0
BRDA:437,44,0,0
BRDA:437,44,1,0
BRDA:442,45,0,0
BRDA:442,45,1,0
BRDA:443,46,0,0
BRDA:443,46,1,0
BRDA:443,47,0,0
BRDA:443,47,1,0
BRDA:462,48,0,0
BRDA:462,48,1,0
BRDA:467,49,0,0
BRDA:467,49,1,0
BRDA:468,50,0,0
BRDA:468,50,1,0
BRDA:468,51,0,0
BRDA:468,51,1,0
BRDA:487,52,0,0
BRDA:487,52,1,0
BRDA:492,53,0,0
BRDA:492,53,1,0
BRDA:493,54,0,0
BRDA:493,54,1,0
BRDA:511,55,0,0
BRDA:511,55,1,0
BRF:100
BRH:12
end_of_record
TN:
SF:repo\accountsMaster.js
FN:5,(anonymous_0)
FN:22,(anonymous_1)
FN:46,(anonymous_2)
FN:61,(anonymous_3)
FN:83,(anonymous_4)
FN:112,(anonymous_5)
FN:121,(anonymous_6)
FNF:7
FNH:7
FNDA:11,(anonymous_0)
FNDA:2,(anonymous_1)
FNDA:2,(anonymous_2)
FNDA:2,(anonymous_3)
FNDA:2,(anonymous_4)
FNDA:2,(anonymous_5)
FNDA:1,(anonymous_6)
DA:1,4
DA:2,4
DA:6,11
DA:23,2
DA:24,2
DA:28,1
DA:30,1
DA:31,1
DA:47,2
DA:48,2
DA:50,1
DA:51,1
DA:62,2
DA:64,2
DA:65,2
DA:68,2
DA:69,2
DA:71,1
DA:72,1
DA:90,2
DA:91,2
DA:99,1
DA:100,1
DA:113,2
DA:114,2
DA:116,1
DA:117,1
DA:122,1
DA:126,4
LF:29
LH:29
BRDA:87,0,0,1
BRF:1
BRH:1
end_of_record
TN:
SF:repo\postsMaster.js
FN:4,(anonymous_0)
FN:14,(anonymous_1)
FN:30,(anonymous_2)
FN:49,(anonymous_3)
FNF:4
FNH:4
FNDA:7,(anonymous_0)
FNDA:2,(anonymous_1)
FNDA:2,(anonymous_2)
FNDA:2,(anonymous_3)
DA:1,3
DA:5,7
DA:15,2
DA:16,2
DA:18,1
DA:31,2
DA:32,2
DA:34,1
DA:50,2
DA:51,2
DA:53,1
DA:58,3
LF:12
LH:12
BRDA:14,0,0,1
BRF:1
BRH:1
end_of_record
TN:
SF:repo\propertyMaster.js
FN:4,(anonymous_0)
FN:14,(anonymous_1)
FN:43,(anonymous_2)
FN:61,(anonymous_3)
FNF:4
FNH:4
FNDA:6,(anonymous_0)
FNDA:2,(anonymous_1)
FNDA:2,(anonymous_2)
FNDA:2,(anonymous_3)
DA:1,2
DA:5,6
DA:21,2
DA:22,2
DA:30,1
DA:44,2
DA:45,2
DA:47,1
DA:62,2
DA:63,2
DA:65,1
DA:70,2
LF:12
LH:12
BRDA:19,0,0,1
BRF:1
BRH:1
end_of_record
TN:
SF:repo\unitMaster.js
FN:4,(anonymous_0)
FN:14,(anonymous_1)
FN:50,(anonymous_2)
FN:67,(anonymous_3)
FNF:4
FNH:4
FNDA:7,(anonymous_0)
FNDA:2,(anonymous_1)
FNDA:2,(anonymous_2)
FNDA:2,(anonymous_3)
DA:1,3
DA:5,7
DA:25,2
DA:26,2
DA:38,1
DA:51,2
DA:52,2
DA:54,1
DA:68,2
DA:69,2
DA:71,1
DA:76,3
LF:12
LH:12
BRDA:20,0,0,2
BRDA:21,1,0,2
BRDA:22,2,0,2
BRDA:23,3,0,2
BRF:4
BRH:4
end_of_record
TN:
SF:routes\accounts.js
FN:8,(anonymous_0)
FN:14,(anonymous_1)
FN:24,(anonymous_2)
FN:37,(anonymous_3)
FN:47,(anonymous_4)
FN:60,(anonymous_5)
FNF:6
FNH:6
FNDA:5,(anonymous_0)
FNDA:2,(anonymous_1)
FNDA:2,(anonymous_2)
FNDA:2,(anonymous_3)
FNDA:2,(anonymous_4)
FNDA:2,(anonymous_5)
DA:1,1
DA:2,1
DA:3,1
DA:5,1
DA:8,1
DA:9,5
DA:11,1
DA:14,1
DA:15,2
DA:16,2
DA:17,2
DA:19,1
DA:24,1
DA:25,2
DA:26,2
DA:30,2
DA:32,1
DA:37,1
DA:38,2
DA:39,2
DA:40,2
DA:42,1
DA:47,1
DA:48,2
DA:49,2
DA:53,2
DA:55,1
DA:60,1
DA:61,2
DA:62,2
DA:63,2
DA:65,1
DA:69,1
LF:33
LH:33
BRF:0
BRH:0
end_of_record
TN:
SF:routes\login.js
FN:6,(anonymous_0)
FNF:1
FNH:1
FNDA:3,(anonymous_0)
DA:1,1
DA:2,1
DA:3,1
DA:6,1
DA:7,3
DA:9,3
DA:10,1
DA:11,1
DA:14,2
DA:15,2
DA:16,2
DA:17,2
DA:18,1
DA:19,1
DA:22,0
DA:27,1
LF:16
LH:15
BRDA:9,0,0,1
BRDA:9,0,1,2
BRDA:17,1,0,1
BRDA:17,1,1,1
BRF:4
BRH:4
end_of_record
TN:
SF:routes\properties.js
FN:13,(anonymous_0)
FN:19,(anonymous_1)
FN:29,(anonymous_2)
FN:39,(anonymous_3)
FNF:4
FNH:4
FNDA:3,(anonymous_0)
FNDA:2,(anonymous_1)
FNDA:2,(anonymous_2)
FNDA:2,(anonymous_3)
DA:1,1
DA:2,1
DA:3,1
DA:4,1
DA:5,1
DA:7,1
DA:9,1
DA:10,1
DA:13,1
DA:14,3
DA:16,1
DA:19,1
DA:20,2
DA:21,2
DA:22,1
DA:24,1
DA:29,1
DA:30,2
DA:31,2
DA:32,1
DA:34,1
DA:39,1
DA:40,2
DA:41,2
DA:42,2
DA:43,1
DA:45,1
DA:49,1
LF:28
LH:28
BRF:0
BRH:0
end_of_record
TN:
SF:routes\signup.js
FN:7,(anonymous_0)
FNF:1
FNH:1
FNDA:3,(anonymous_0)
DA:1,1
DA:2,1
DA:3,1
DA:7,1
DA:8,3
DA:9,3
DA:11,3
DA:12,1
DA:13,1
DA:16,2
DA:17,2
DA:18,2
DA:19,2
DA:20,1
DA:22,1
DA:25,0
DA:30,1
LF:17
LH:16
BRDA:11,0,0,1
BRDA:11,0,1,2
BRDA:19,1,0,1
BRDA:19,1,1,1
BRF:4
BRH:4
end_of_record
TN:
SF:routes\nested_routes\posts.js
FN:8,(anonymous_0)
FN:15,(anonymous_1)
FN:26,(anonymous_2)
FN:38,(anonymous_3)
FNF:4
FNH:4
FNDA:3,(anonymous_0)
FNDA:2,(anonymous_1)
FNDA:2,(anonymous_2)
FNDA:2,(anonymous_3)
DA:1,2
DA:2,2
DA:3,2
DA:6,2
DA:8,2
DA:9,3
DA:12,2
DA:15,2
DA:16,2
DA:17,2
DA:18,2
DA:19,2
DA:21,1
DA:26,2
DA:27,2
DA:28,2
DA:29,2
DA:30,2
DA:31,2
DA:33,1
DA:38,2
DA:39,2
DA:40,2
DA:41,2
DA:42,2
DA:44,1
DA:48,2
LF:27
LH:27
BRF:0
BRH:0
end_of_record
TN:
SF:routes\nested_routes\units.js
FN:8,(anonymous_0)
FN:15,(anonymous_1)
FN:26,(anonymous_2)
FN:41,(anonymous_3)
FNF:4
FNH:4
FNDA:3,(anonymous_0)
FNDA:2,(anonymous_1)
FNDA:3,(anonymous_2)
FNDA:2,(anonymous_3)
DA:1,2
DA:2,2
DA:3,2
DA:6,2
DA:8,2
DA:9,3
DA:12,2
DA:15,2
DA:16,2
DA:17,2
DA:18,2
DA:19,2
DA:21,1
DA:26,2
DA:27,3
DA:28,3
DA:29,3
DA:30,3
DA:31,1
DA:32,1
DA:34,2
DA:36,1
DA:41,2
DA:42,2
DA:43,2
DA:44,2
DA:45,2
DA:47,1
DA:51,2
LF:29
LH:29
BRDA:30,0,0,1
BRDA:30,0,1,2
BRF:2
BRH:2
end_of_record
TN:
SF:tests\unit\utils\recordExistsTest.js
FN:8,recordExistsTest
FNF:1
FNH:1
FNDA:3,recordExistsTest
DA:9,3
DA:10,3
DA:13,1
LF:3
LH:3
BRF:0
BRH:0
end_of_record
